C:\USERS\KTG\DESKTOP\OOD\DEBUG\OOD.BSC
C:\USERS\KTG\DESKTOP\OOD\DEBUG\OOD.PCH
C:\USERS\KTG\DESKTOP\OOD\DEBUG\STDAFX.SBR
C:\USERS\KTG\DESKTOP\OOD\DEBUG\STDAFX.OBJ
C:\USERS\KTG\DESKTOP\OOD\DEBUG\VC110.PDB
C:\USERS\KTG\DESKTOP\OOD\DEBUG\ZOOMCOMBOBOX.SBR
C:\USERS\KTG\DESKTOP\OOD\DEBUG\YCOORD.SBR
C:\USERS\KTG\DESKTOP\OOD\DEBUG\XCOORD.SBR
C:\USERS\KTG\DESKTOP\OOD\DEBUG\WIDESTATEDLG.SBR
C:\USERS\KTG\DESKTOP\OOD\DEBUG\WIDESTATE.SBR
C:\USERS\KTG\DESKTOP\OOD\DEBUG\WIDEPACKAGE.SBR
C:\USERS\KTG\DESKTOP\OOD\DEBUG\VTERM.SBR
C:\USERS\KTG\DESKTOP\OOD\DEBUG\VCPPVARPROPGENERAL.SBR
C:\USERS\KTG\DESKTOP\OOD\DEBUG\VCPPMETHODPROPGENERAL.SBR
C:\USERS\KTG\DESKTOP\OOD\DEBUG\VCPPMAPEDITOR.SBR
C:\USERS\KTG\DESKTOP\OOD\DEBUG\VCPPCODEGENERATOR.SBR
C:\USERS\KTG\DESKTOP\OOD\DEBUG\VCPPCLASSPROPMAPS.SBR
C:\USERS\KTG\DESKTOP\OOD\DEBUG\VCPPCLASSPROPGENERAL.SBR
C:\USERS\KTG\DESKTOP\OOD\DEBUG\USECASEUSESLINK.SBR
C:\USERS\KTG\DESKTOP\OOD\DEBUG\USECASETEXT.SBR
C:\USERS\KTG\DESKTOP\OOD\DEBUG\USECASEMAINPOPUP.SBR
C:\USERS\KTG\DESKTOP\OOD\DEBUG\USECASELINK.SBR
C:\USERS\KTG\DESKTOP\OOD\DEBUG\USECASEEXTENDSLINK.SBR
C:\USERS\KTG\DESKTOP\OOD\DEBUG\USECASE.SBR
C:\USERS\KTG\DESKTOP\OOD\DEBUG\UNSIGNEDLONG.SBR
C:\USERS\KTG\DESKTOP\OOD\DEBUG\UNSIGNEDLONG.OBJ
C:\USERS\KTG\DESKTOP\OOD\DEBUG\USECASE.OBJ
C:\USERS\KTG\DESKTOP\OOD\DEBUG\USECASEEXTENDSLINK.OBJ
C:\USERS\KTG\DESKTOP\OOD\DEBUG\USECASELINK.OBJ
C:\USERS\KTG\DESKTOP\OOD\DEBUG\USECASEMAINPOPUP.OBJ
C:\USERS\KTG\DESKTOP\OOD\DEBUG\USECASETEXT.OBJ
C:\USERS\KTG\DESKTOP\OOD\DEBUG\USECASEUSESLINK.OBJ
C:\USERS\KTG\DESKTOP\OOD\DEBUG\VCPPCLASSPROPGENERAL.OBJ
C:\USERS\KTG\DESKTOP\OOD\DEBUG\VCPPCLASSPROPMAPS.OBJ
C:\USERS\KTG\DESKTOP\OOD\DEBUG\VCPPCODEGENERATOR.OBJ
C:\USERS\KTG\DESKTOP\OOD\DEBUG\VCPPMAPEDITOR.OBJ
C:\USERS\KTG\DESKTOP\OOD\DEBUG\VCPPMETHODPROPGENERAL.OBJ
C:\USERS\KTG\DESKTOP\OOD\DEBUG\VCPPVARPROPGENERAL.OBJ
C:\USERS\KTG\DESKTOP\OOD\DEBUG\VTERM.OBJ
C:\USERS\KTG\DESKTOP\OOD\DEBUG\WIDEPACKAGE.OBJ
C:\USERS\KTG\DESKTOP\OOD\DEBUG\WIDESTATE.OBJ
C:\USERS\KTG\DESKTOP\OOD\DEBUG\WIDESTATEDLG.OBJ
C:\USERS\KTG\DESKTOP\OOD\DEBUG\XCOORD.OBJ
C:\USERS\KTG\DESKTOP\OOD\DEBUG\YCOORD.OBJ
C:\USERS\KTG\DESKTOP\OOD\DEBUG\ZOOMCOMBOBOX.OBJ
C:\USERS\KTG\DESKTOP\OOD\DEBUG\TWOPOINTFIGURE.SBR
C:\USERS\KTG\DESKTOP\OOD\DEBUG\TUPLETEXT.SBR
C:\USERS\KTG\DESKTOP\OOD\DEBUG\TRIGGERTEXT.SBR
C:\USERS\KTG\DESKTOP\OOD\DEBUG\TRIGGER.SBR
C:\USERS\KTG\DESKTOP\OOD\DEBUG\TRIANGLE.SBR
C:\USERS\KTG\DESKTOP\OOD\DEBUG\TRANSITION.SBR
C:\USERS\KTG\DESKTOP\OOD\DEBUG\TIPDIALOG.SBR
C:\USERS\KTG\DESKTOP\OOD\DEBUG\TIPBOARD.SBR
C:\USERS\KTG\DESKTOP\OOD\DEBUG\TEXTLINE.SBR
C:\USERS\KTG\DESKTOP\OOD\DEBUG\TEXTCONTENT.SBR
C:\USERS\KTG\DESKTOP\OOD\DEBUG\TEXT.SBR
C:\USERS\KTG\DESKTOP\OOD\DEBUG\TEMPLATECLASSTAGTEXT.SBR
C:\USERS\KTG\DESKTOP\OOD\DEBUG\TEMPLATECLASSTAG.SBR
C:\USERS\KTG\DESKTOP\OOD\DEBUG\TABDLGWITHNAME.SBR
C:\USERS\KTG\DESKTOP\OOD\DEBUG\SYSTEMBOUNDARY.SBR
C:\USERS\KTG\DESKTOP\OOD\DEBUG\SYNCHRONIZATIONPOPUP.SBR
C:\USERS\KTG\DESKTOP\OOD\DEBUG\SYNCHRONIZATIONBAR.SBR
C:\USERS\KTG\DESKTOP\OOD\DEBUG\SYNCCONDITIONTEXT.SBR
C:\USERS\KTG\DESKTOP\OOD\DEBUG\STATICCONNECTIONTEXT.SBR
C:\USERS\KTG\DESKTOP\OOD\DEBUG\STATETEXT.SBR
C:\USERS\KTG\DESKTOP\OOD\DEBUG\STATETEXT.OBJ
C:\USERS\KTG\DESKTOP\OOD\DEBUG\STATICCONNECTIONTEXT.OBJ
C:\USERS\KTG\DESKTOP\OOD\DEBUG\SYNCCONDITIONTEXT.OBJ
C:\USERS\KTG\DESKTOP\OOD\DEBUG\SYNCHRONIZATIONBAR.OBJ
C:\USERS\KTG\DESKTOP\OOD\DEBUG\SYNCHRONIZATIONPOPUP.OBJ
C:\USERS\KTG\DESKTOP\OOD\DEBUG\SYSTEMBOUNDARY.OBJ
C:\USERS\KTG\DESKTOP\OOD\DEBUG\TABDLGWITHNAME.OBJ
C:\USERS\KTG\DESKTOP\OOD\DEBUG\TEMPLATECLASSTAG.OBJ
C:\USERS\KTG\DESKTOP\OOD\DEBUG\TEMPLATECLASSTAGTEXT.OBJ
C:\USERS\KTG\DESKTOP\OOD\DEBUG\TEXT.OBJ
C:\USERS\KTG\DESKTOP\OOD\DEBUG\TEXTCONTENT.OBJ
C:\USERS\KTG\DESKTOP\OOD\DEBUG\TEXTLINE.OBJ
C:\USERS\KTG\DESKTOP\OOD\DEBUG\TIPBOARD.OBJ
C:\USERS\KTG\DESKTOP\OOD\DEBUG\TIPDIALOG.OBJ
C:\USERS\KTG\DESKTOP\OOD\DEBUG\TRANSITION.OBJ
C:\USERS\KTG\DESKTOP\OOD\DEBUG\TRIANGLE.OBJ
C:\USERS\KTG\DESKTOP\OOD\DEBUG\TRIGGER.OBJ
C:\USERS\KTG\DESKTOP\OOD\DEBUG\TRIGGERTEXT.OBJ
C:\USERS\KTG\DESKTOP\OOD\DEBUG\TUPLETEXT.OBJ
C:\USERS\KTG\DESKTOP\OOD\DEBUG\TWOPOINTFIGURE.OBJ
C:\USERS\KTG\DESKTOP\OOD\DEBUG\STATEPOPUP.SBR
C:\USERS\KTG\DESKTOP\OOD\DEBUG\STATEMAINPOPUP.SBR
C:\USERS\KTG\DESKTOP\OOD\DEBUG\STATE.SBR
C:\USERS\KTG\DESKTOP\OOD\DEBUG\SLAVERYTEXTLIST.SBR
C:\USERS\KTG\DESKTOP\OOD\DEBUG\SLAVERYTEXT.SBR
C:\USERS\KTG\DESKTOP\OOD\DEBUG\SIMPLECONNECTION.SBR
C:\USERS\KTG\DESKTOP\OOD\DEBUG\SEQUENCESYNCMESSAGE.SBR
C:\USERS\KTG\DESKTOP\OOD\DEBUG\SEQUENCESELFDELEGATION.SBR
C:\USERS\KTG\DESKTOP\OOD\DEBUG\SEQUENCERETURNMESSAGE.SBR
C:\USERS\KTG\DESKTOP\OOD\DEBUG\SEQUENCEOBJECTPOPUP.SBR
C:\USERS\KTG\DESKTOP\OOD\DEBUG\SEQUENCEOBJECT.SBR
C:\USERS\KTG\DESKTOP\OOD\DEBUG\SEQUENCEMESSAGETEXT.SBR
C:\USERS\KTG\DESKTOP\OOD\DEBUG\SEQUENCEMAINPOPUP.SBR
C:\USERS\KTG\DESKTOP\OOD\DEBUG\SEQUENCELANEPOPUP.SBR
C:\USERS\KTG\DESKTOP\OOD\DEBUG\SEQUENCEASYNCMESSAGE.SBR
C:\USERS\KTG\DESKTOP\OOD\DEBUG\SCREENCAPTUREDLG.SBR
C:\USERS\KTG\DESKTOP\OOD\DEBUG\ROUNDBOXB.SBR
C:\USERS\KTG\DESKTOP\OOD\DEBUG\ROUNDBOXA.SBR
C:\USERS\KTG\DESKTOP\OOD\DEBUG\RESIZEGLOBALDATA.SBR
C:\USERS\KTG\DESKTOP\OOD\DEBUG\RELATIONTRAVERSEFRAME.SBR
C:\USERS\KTG\DESKTOP\OOD\DEBUG\RELATIONTRAVERSEFRAME.OBJ
C:\USERS\KTG\DESKTOP\OOD\DEBUG\RESIZEGLOBALDATA.OBJ
C:\USERS\KTG\DESKTOP\OOD\DEBUG\ROUNDBOXA.OBJ
C:\USERS\KTG\DESKTOP\OOD\DEBUG\ROUNDBOXB.OBJ
C:\USERS\KTG\DESKTOP\OOD\DEBUG\SCREENCAPTUREDLG.OBJ
C:\USERS\KTG\DESKTOP\OOD\DEBUG\SEQUENCEASYNCMESSAGE.OBJ
C:\USERS\KTG\DESKTOP\OOD\DEBUG\SEQUENCELANEPOPUP.OBJ
C:\USERS\KTG\DESKTOP\OOD\DEBUG\SEQUENCEMAINPOPUP.OBJ
C:\USERS\KTG\DESKTOP\OOD\DEBUG\SEQUENCEMESSAGETEXT.OBJ
C:\USERS\KTG\DESKTOP\OOD\DEBUG\SEQUENCEOBJECT.OBJ
C:\USERS\KTG\DESKTOP\OOD\DEBUG\SEQUENCEOBJECTPOPUP.OBJ
C:\USERS\KTG\DESKTOP\OOD\DEBUG\SEQUENCERETURNMESSAGE.OBJ
C:\USERS\KTG\DESKTOP\OOD\DEBUG\SEQUENCESELFDELEGATION.OBJ
C:\USERS\KTG\DESKTOP\OOD\DEBUG\SEQUENCESYNCMESSAGE.OBJ
C:\USERS\KTG\DESKTOP\OOD\DEBUG\SIMPLECONNECTION.OBJ
C:\USERS\KTG\DESKTOP\OOD\DEBUG\SLAVERYTEXT.OBJ
C:\USERS\KTG\DESKTOP\OOD\DEBUG\SLAVERYTEXTLIST.OBJ
C:\USERS\KTG\DESKTOP\OOD\DEBUG\STATE.OBJ
C:\USERS\KTG\DESKTOP\OOD\DEBUG\STATEMAINPOPUP.OBJ
C:\USERS\KTG\DESKTOP\OOD\DEBUG\STATEPOPUP.OBJ
C:\USERS\KTG\DESKTOP\OOD\DEBUG\RELATIONTRAVERSEDLG.SBR
C:\USERS\KTG\DESKTOP\OOD\DEBUG\RELATIONSHIPINFOTUPLELIST.SBR
C:\USERS\KTG\DESKTOP\OOD\DEBUG\RELATIONSHIPINFOTUPLE.SBR
C:\USERS\KTG\DESKTOP\OOD\DEBUG\QUERYTEXTDLG.SBR
C:\USERS\KTG\DESKTOP\OOD\DEBUG\QUALIFICATIONTEXT.SBR
C:\USERS\KTG\DESKTOP\OOD\DEBUG\PROPCOMMONDLG.SBR
C:\USERS\KTG\DESKTOP\OOD\DEBUG\POPUP.SBR
C:\USERS\KTG\DESKTOP\OOD\DEBUG\PACKAGETEXT.SBR
C:\USERS\KTG\DESKTOP\OOD\DEBUG\PACKAGETEMPLATE.SBR
C:\USERS\KTG\DESKTOP\OOD\DEBUG\PACKAGEPROPGENERAL.SBR
C:\USERS\KTG\DESKTOP\OOD\DEBUG\PACKAGEPROPDLG.SBR
C:\USERS\KTG\DESKTOP\OOD\DEBUG\PACKAGEPOPUP.SBR
C:\USERS\KTG\DESKTOP\OOD\DEBUG\PACKAGELIBRARY.SBR
C:\USERS\KTG\DESKTOP\OOD\DEBUG\PACKAGECOMMENTDLG.SBR
C:\USERS\KTG\DESKTOP\OOD\DEBUG\OOD.SBR
C:\USERS\KTG\DESKTOP\OOD\DEBUG\ONELINETEXT.SBR
C:\USERS\KTG\DESKTOP\OOD\DEBUG\OBJECTTEXT.SBR
C:\USERS\KTG\DESKTOP\OOD\DEBUG\OBJECTPOSITIONDLG.SBR
C:\USERS\KTG\DESKTOP\OOD\DEBUG\NOTETEXT.SBR
C:\USERS\KTG\DESKTOP\OOD\DEBUG\NOTEBOUNDARY.SBR
C:\USERS\KTG\DESKTOP\OOD\DEBUG\NOTEBOUNDARY.OBJ
C:\USERS\KTG\DESKTOP\OOD\DEBUG\NOTETEXT.OBJ
C:\USERS\KTG\DESKTOP\OOD\DEBUG\OBJECTPOSITIONDLG.OBJ
C:\USERS\KTG\DESKTOP\OOD\DEBUG\OBJECTTEXT.OBJ
C:\USERS\KTG\DESKTOP\OOD\DEBUG\ONELINETEXT.OBJ
C:\USERS\KTG\DESKTOP\OOD\DEBUG\OOD.OBJ
C:\USERS\KTG\DESKTOP\OOD\DEBUG\PACKAGECOMMENTDLG.OBJ
C:\USERS\KTG\DESKTOP\OOD\DEBUG\PACKAGELIBRARY.OBJ
C:\USERS\KTG\DESKTOP\OOD\DEBUG\PACKAGEPOPUP.OBJ
C:\USERS\KTG\DESKTOP\OOD\DEBUG\PACKAGEPROPDLG.OBJ
C:\USERS\KTG\DESKTOP\OOD\DEBUG\PACKAGEPROPGENERAL.OBJ
C:\USERS\KTG\DESKTOP\OOD\DEBUG\PACKAGETEMPLATE.OBJ
C:\USERS\KTG\DESKTOP\OOD\DEBUG\PACKAGETEXT.OBJ
C:\USERS\KTG\DESKTOP\OOD\DEBUG\POPUP.OBJ
C:\USERS\KTG\DESKTOP\OOD\DEBUG\PROPCOMMONDLG.OBJ
C:\USERS\KTG\DESKTOP\OOD\DEBUG\QUALIFICATIONTEXT.OBJ
C:\USERS\KTG\DESKTOP\OOD\DEBUG\QUERYTEXTDLG.OBJ
C:\USERS\KTG\DESKTOP\OOD\DEBUG\RELATIONSHIPINFOTUPLE.OBJ
C:\USERS\KTG\DESKTOP\OOD\DEBUG\RELATIONSHIPINFOTUPLELIST.OBJ
C:\USERS\KTG\DESKTOP\OOD\DEBUG\RELATIONTRAVERSEDLG.OBJ
C:\USERS\KTG\DESKTOP\OOD\DEBUG\NOTE.SBR
C:\USERS\KTG\DESKTOP\OOD\DEBUG\NODEFIGURELIST.SBR
C:\USERS\KTG\DESKTOP\OOD\DEBUG\NODEFIGURE.SBR
C:\USERS\KTG\DESKTOP\OOD\DEBUG\METHODBODYDLG.SBR
C:\USERS\KTG\DESKTOP\OOD\DEBUG\MESSAGETEXTPOPUP.SBR
C:\USERS\KTG\DESKTOP\OOD\DEBUG\MESSAGETEXT.SBR
C:\USERS\KTG\DESKTOP\OOD\DEBUG\MESSAGEFLOWPOPUP.SBR
C:\USERS\KTG\DESKTOP\OOD\DEBUG\MESSAGEFLOW.SBR
C:\USERS\KTG\DESKTOP\OOD\DEBUG\MEMBERPROPDLG.SBR
C:\USERS\KTG\DESKTOP\OOD\DEBUG\MEMBEROPTIONDLG.SBR
C:\USERS\KTG\DESKTOP\OOD\DEBUG\MEMBERFUNCTIONSOPTION.SBR
C:\USERS\KTG\DESKTOP\OOD\DEBUG\LISTNODE.SBR
C:\USERS\KTG\DESKTOP\OOD\DEBUG\LIST.SBR
C:\USERS\KTG\DESKTOP\OOD\DEBUG\LINES.SBR
C:\USERS\KTG\DESKTOP\OOD\DEBUG\LINEPOPUP.SBR
C:\USERS\KTG\DESKTOP\OOD\DEBUG\LINENODELIST.SBR
C:\USERS\KTG\DESKTOP\OOD\DEBUG\LINENODE.SBR
C:\USERS\KTG\DESKTOP\OOD\DEBUG\LINELIST.SBR
C:\USERS\KTG\DESKTOP\OOD\DEBUG\LINE.SBR
C:\USERS\KTG\DESKTOP\OOD\DEBUG\JAVAVARPROPGENERAL.SBR
C:\USERS\KTG\DESKTOP\OOD\DEBUG\JAVAVARPROPGENERAL.OBJ
C:\USERS\KTG\DESKTOP\OOD\DEBUG\LINE.OBJ
C:\USERS\KTG\DESKTOP\OOD\DEBUG\LINELIST.OBJ
C:\USERS\KTG\DESKTOP\OOD\DEBUG\LINENODE.OBJ
C:\USERS\KTG\DESKTOP\OOD\DEBUG\LINENODELIST.OBJ
C:\USERS\KTG\DESKTOP\OOD\DEBUG\LINEPOPUP.OBJ
C:\USERS\KTG\DESKTOP\OOD\DEBUG\LINES.OBJ
C:\USERS\KTG\DESKTOP\OOD\DEBUG\LIST.OBJ
C:\USERS\KTG\DESKTOP\OOD\DEBUG\LISTNODE.OBJ
C:\USERS\KTG\DESKTOP\OOD\DEBUG\MEMBERFUNCTIONSOPTION.OBJ
C:\USERS\KTG\DESKTOP\OOD\DEBUG\MEMBEROPTIONDLG.OBJ
C:\USERS\KTG\DESKTOP\OOD\DEBUG\MEMBERPROPDLG.OBJ
C:\USERS\KTG\DESKTOP\OOD\DEBUG\MESSAGEFLOW.OBJ
C:\USERS\KTG\DESKTOP\OOD\DEBUG\MESSAGEFLOWPOPUP.OBJ
C:\USERS\KTG\DESKTOP\OOD\DEBUG\MESSAGETEXT.OBJ
C:\USERS\KTG\DESKTOP\OOD\DEBUG\MESSAGETEXTPOPUP.OBJ
C:\USERS\KTG\DESKTOP\OOD\DEBUG\METHODBODYDLG.OBJ
C:\USERS\KTG\DESKTOP\OOD\DEBUG\NODEFIGURE.OBJ
C:\USERS\KTG\DESKTOP\OOD\DEBUG\NODEFIGURELIST.OBJ
C:\USERS\KTG\DESKTOP\OOD\DEBUG\NOTE.OBJ
C:\USERS\KTG\DESKTOP\OOD\DEBUG\JAVAMETHODPROPGENERAL.SBR
C:\USERS\KTG\DESKTOP\OOD\DEBUG\JAVACODEGENERATOR.SBR
C:\USERS\KTG\DESKTOP\OOD\DEBUG\JAVACLASSPROPGENERAL.SBR
C:\USERS\KTG\DESKTOP\OOD\DEBUG\INTERFACEPORTTEXT.SBR
C:\USERS\KTG\DESKTOP\OOD\DEBUG\INTERFACEPORTPOPUP.SBR
C:\USERS\KTG\DESKTOP\OOD\DEBUG\INTERFACEPORTLIST.SBR
C:\USERS\KTG\DESKTOP\OOD\DEBUG\INTERFACEPORT.SBR
C:\USERS\KTG\DESKTOP\OOD\DEBUG\INITIALSTATE.SBR
C:\USERS\KTG\DESKTOP\OOD\DEBUG\HWCONNECTIONTEXT.SBR
C:\USERS\KTG\DESKTOP\OOD\DEBUG\HWCONNECTION.SBR
C:\USERS\KTG\DESKTOP\OOD\DEBUG\HARDWARENODE.SBR
C:\USERS\KTG\DESKTOP\OOD\DEBUG\GENERALIZATIONPOPUP.SBR
C:\USERS\KTG\DESKTOP\OOD\DEBUG\GENERALIZATION.SBR
C:\USERS\KTG\DESKTOP\OOD\DEBUG\FONTINFO.SBR
C:\USERS\KTG\DESKTOP\OOD\DEBUG\FIXEDNAMESTABLE.SBR
C:\USERS\KTG\DESKTOP\OOD\DEBUG\FINALSTATE.SBR
C:\USERS\KTG\DESKTOP\OOD\DEBUG\FIGURELIST.SBR
C:\USERS\KTG\DESKTOP\OOD\DEBUG\FIGURELIBRARY.SBR
C:\USERS\KTG\DESKTOP\OOD\DEBUG\FIGURE.SBR
C:\USERS\KTG\DESKTOP\OOD\DEBUG\EXCLUDERECTLIST.SBR
C:\USERS\KTG\DESKTOP\OOD\DEBUG\EXCLUDERECTLIST.OBJ
C:\USERS\KTG\DESKTOP\OOD\DEBUG\FIGURE.OBJ
C:\USERS\KTG\DESKTOP\OOD\DEBUG\FIGURELIBRARY.OBJ
C:\USERS\KTG\DESKTOP\OOD\DEBUG\FIGURELIST.OBJ
C:\USERS\KTG\DESKTOP\OOD\DEBUG\FINALSTATE.OBJ
C:\USERS\KTG\DESKTOP\OOD\DEBUG\FIXEDNAMESTABLE.OBJ
C:\USERS\KTG\DESKTOP\OOD\DEBUG\FONTINFO.OBJ
C:\USERS\KTG\DESKTOP\OOD\DEBUG\GENERALIZATION.OBJ
C:\USERS\KTG\DESKTOP\OOD\DEBUG\GENERALIZATIONPOPUP.OBJ
C:\USERS\KTG\DESKTOP\OOD\DEBUG\HARDWARENODE.OBJ
C:\USERS\KTG\DESKTOP\OOD\DEBUG\HWCONNECTION.OBJ
C:\USERS\KTG\DESKTOP\OOD\DEBUG\HWCONNECTIONTEXT.OBJ
C:\USERS\KTG\DESKTOP\OOD\DEBUG\INITIALSTATE.OBJ
C:\USERS\KTG\DESKTOP\OOD\DEBUG\INTERFACEPORT.OBJ
C:\USERS\KTG\DESKTOP\OOD\DEBUG\INTERFACEPORTLIST.OBJ
C:\USERS\KTG\DESKTOP\OOD\DEBUG\INTERFACEPORTPOPUP.OBJ
C:\USERS\KTG\DESKTOP\OOD\DEBUG\INTERFACEPORTTEXT.OBJ
C:\USERS\KTG\DESKTOP\OOD\DEBUG\JAVACLASSPROPGENERAL.OBJ
C:\USERS\KTG\DESKTOP\OOD\DEBUG\JAVACODEGENERATOR.OBJ
C:\USERS\KTG\DESKTOP\OOD\DEBUG\JAVAMETHODPROPGENERAL.OBJ
C:\USERS\KTG\DESKTOP\OOD\DEBUG\EXCLUDERECT.SBR
C:\USERS\KTG\DESKTOP\OOD\DEBUG\EVENTTEXT.SBR
C:\USERS\KTG\DESKTOP\OOD\DEBUG\ETC.SBR
C:\USERS\KTG\DESKTOP\OOD\DEBUG\ENDACTIVITY.SBR
C:\USERS\KTG\DESKTOP\OOD\DEBUG\EDITPOPUP.SBR
C:\USERS\KTG\DESKTOP\OOD\DEBUG\EDITABLEFIGURE.SBR
C:\USERS\KTG\DESKTOP\OOD\DEBUG\DIAMOND.SBR
C:\USERS\KTG\DESKTOP\OOD\DEBUG\DEPLOYMENTMAINPOPUP.SBR
C:\USERS\KTG\DESKTOP\OOD\DEBUG\DEPENDENCYPOPUP.SBR
C:\USERS\KTG\DESKTOP\OOD\DEBUG\DEPENDENCY.SBR
C:\USERS\KTG\DESKTOP\OOD\DEBUG\DATAMEMBERSOPTION.SBR
C:\USERS\KTG\DESKTOP\OOD\DEBUG\CWNDSPACEELT.SBR
C:\USERS\KTG\DESKTOP\OOD\DEBUG\CUSTOMTOOLBAR.SBR
C:\USERS\KTG\DESKTOP\OOD\DEBUG\CUSECASEVIEW.SBR
C:\USERS\KTG\DESKTOP\OOD\DEBUG\CUSECASEFRM.SBR
C:\USERS\KTG\DESKTOP\OOD\DEBUG\CTEXTVIEW.SBR
C:\USERS\KTG\DESKTOP\OOD\DEBUG\CTEXTFRM.SBR
C:\USERS\KTG\DESKTOP\OOD\DEBUG\CTEXTDOC.SBR
C:\USERS\KTG\DESKTOP\OOD\DEBUG\CSTATEVIEW.SBR
C:\USERS\KTG\DESKTOP\OOD\DEBUG\CSTATEFRM.SBR
C:\USERS\KTG\DESKTOP\OOD\DEBUG\CSTATEFRM.OBJ
C:\USERS\KTG\DESKTOP\OOD\DEBUG\CSTATEVIEW.OBJ
C:\USERS\KTG\DESKTOP\OOD\DEBUG\CTEXTDOC.OBJ
C:\USERS\KTG\DESKTOP\OOD\DEBUG\CTEXTFRM.OBJ
C:\USERS\KTG\DESKTOP\OOD\DEBUG\CTEXTVIEW.OBJ
C:\USERS\KTG\DESKTOP\OOD\DEBUG\CUSECASEFRM.OBJ
C:\USERS\KTG\DESKTOP\OOD\DEBUG\CUSECASEVIEW.OBJ
C:\USERS\KTG\DESKTOP\OOD\DEBUG\CUSTOMTOOLBAR.OBJ
C:\USERS\KTG\DESKTOP\OOD\DEBUG\CWNDSPACEELT.OBJ
C:\USERS\KTG\DESKTOP\OOD\DEBUG\DATAMEMBERSOPTION.OBJ
C:\USERS\KTG\DESKTOP\OOD\DEBUG\DEPENDENCY.OBJ
C:\USERS\KTG\DESKTOP\OOD\DEBUG\DEPENDENCYPOPUP.OBJ
C:\USERS\KTG\DESKTOP\OOD\DEBUG\DEPLOYMENTMAINPOPUP.OBJ
C:\USERS\KTG\DESKTOP\OOD\DEBUG\DIAMOND.OBJ
C:\USERS\KTG\DESKTOP\OOD\DEBUG\EDITABLEFIGURE.OBJ
C:\USERS\KTG\DESKTOP\OOD\DEBUG\EDITPOPUP.OBJ
C:\USERS\KTG\DESKTOP\OOD\DEBUG\ENDACTIVITY.OBJ
C:\USERS\KTG\DESKTOP\OOD\DEBUG\ETC.OBJ
C:\USERS\KTG\DESKTOP\OOD\DEBUG\EVENTTEXT.OBJ
C:\USERS\KTG\DESKTOP\OOD\DEBUG\EXCLUDERECT.OBJ
C:\USERS\KTG\DESKTOP\OOD\DEBUG\CSPLITTERRECT.SBR
C:\USERS\KTG\DESKTOP\OOD\DEBUG\CSHARPVARPROPGENERAL.SBR
C:\USERS\KTG\DESKTOP\OOD\DEBUG\CSHARPMETHODPROPGENERAL.SBR
C:\USERS\KTG\DESKTOP\OOD\DEBUG\CSHARPCODEGENERATOR.SBR
C:\USERS\KTG\DESKTOP\OOD\DEBUG\CSHARPCLASSPROPGENERAL.SBR
C:\USERS\KTG\DESKTOP\OOD\DEBUG\CSEQUENCEVIEW.SBR
C:\USERS\KTG\DESKTOP\OOD\DEBUG\CSEQUENCEFRM.SBR
C:\USERS\KTG\DESKTOP\OOD\DEBUG\CSELECTDLG.SBR
C:\USERS\KTG\DESKTOP\OOD\DEBUG\CRESIZEEDITVIEWBARDOCTEMP.SBR
C:\USERS\KTG\DESKTOP\OOD\DEBUG\CRESIZABLETREEBAR.SBR
C:\USERS\KTG\DESKTOP\OOD\DEBUG\CRESIZABLERECTTRACKER.SBR
C:\USERS\KTG\DESKTOP\OOD\DEBUG\CRESIZABLEMINIDOCKFRAMEWND.SBR
C:\USERS\KTG\DESKTOP\OOD\DEBUG\CRESIZABLEMDIFRAMEWND.SBR
C:\USERS\KTG\DESKTOP\OOD\DEBUG\CRESIZABLEFLOATWND.SBR
C:\USERS\KTG\DESKTOP\OOD\DEBUG\CRESIZABLEEDITVIEWBAR.SBR
C:\USERS\KTG\DESKTOP\OOD\DEBUG\CRESIZABLEEDITVIEW.SBR
C:\USERS\KTG\DESKTOP\OOD\DEBUG\CRESIZABLEEDITDOC.SBR
C:\USERS\KTG\DESKTOP\OOD\DEBUG\CRESIZABLEDOCKSTATE.SBR
C:\USERS\KTG\DESKTOP\OOD\DEBUG\CRESIZABLEDOCKCONTEXT.SBR
C:\USERS\KTG\DESKTOP\OOD\DEBUG\CRESIZABLEDOCKBAR.SBR
C:\USERS\KTG\DESKTOP\OOD\DEBUG\CRESIZABLEDOCKBAR.OBJ
C:\USERS\KTG\DESKTOP\OOD\DEBUG\CRESIZABLEDOCKCONTEXT.OBJ
C:\USERS\KTG\DESKTOP\OOD\DEBUG\CRESIZABLEDOCKSTATE.OBJ
C:\USERS\KTG\DESKTOP\OOD\DEBUG\CRESIZABLEEDITDOC.OBJ
C:\USERS\KTG\DESKTOP\OOD\DEBUG\CRESIZABLEEDITVIEW.OBJ
C:\USERS\KTG\DESKTOP\OOD\DEBUG\CRESIZABLEEDITVIEWBAR.OBJ
C:\USERS\KTG\DESKTOP\OOD\DEBUG\CRESIZABLEFLOATWND.OBJ
C:\USERS\KTG\DESKTOP\OOD\DEBUG\CRESIZABLEMDIFRAMEWND.OBJ
C:\USERS\KTG\DESKTOP\OOD\DEBUG\CRESIZABLEMINIDOCKFRAMEWND.OBJ
C:\USERS\KTG\DESKTOP\OOD\DEBUG\CRESIZABLERECTTRACKER.OBJ
C:\USERS\KTG\DESKTOP\OOD\DEBUG\CRESIZABLETREEBAR.OBJ
C:\USERS\KTG\DESKTOP\OOD\DEBUG\CRESIZEEDITVIEWBARDOCTEMP.OBJ
C:\USERS\KTG\DESKTOP\OOD\DEBUG\CSELECTDLG.OBJ
C:\USERS\KTG\DESKTOP\OOD\DEBUG\CSEQUENCEFRM.OBJ
C:\USERS\KTG\DESKTOP\OOD\DEBUG\CSEQUENCEVIEW.OBJ
C:\USERS\KTG\DESKTOP\OOD\DEBUG\CSHARPCLASSPROPGENERAL.OBJ
C:\USERS\KTG\DESKTOP\OOD\DEBUG\CSHARPCODEGENERATOR.OBJ
C:\USERS\KTG\DESKTOP\OOD\DEBUG\CSHARPMETHODPROPGENERAL.OBJ
C:\USERS\KTG\DESKTOP\OOD\DEBUG\CSHARPVARPROPGENERAL.OBJ
C:\USERS\KTG\DESKTOP\OOD\DEBUG\CSPLITTERRECT.OBJ
C:\USERS\KTG\DESKTOP\OOD\DEBUG\CRESIZABLECONTROLBAR.SBR
C:\USERS\KTG\DESKTOP\OOD\DEBUG\CPROJECTOPTIONSREVERSE.SBR
C:\USERS\KTG\DESKTOP\OOD\DEBUG\CPROJECTOPTIONSMACROS.SBR
C:\USERS\KTG\DESKTOP\OOD\DEBUG\CPROJECTOPTIONSGENERAL.SBR
C:\USERS\KTG\DESKTOP\OOD\DEBUG\CPROJECTOPTIONSDLG.SBR
C:\USERS\KTG\DESKTOP\OOD\DEBUG\CPROJECTOPTIONSCODEGEN.SBR
C:\USERS\KTG\DESKTOP\OOD\DEBUG\CPPVARPROPGENERAL.SBR
C:\USERS\KTG\DESKTOP\OOD\DEBUG\CPPMETHODPROPGENERAL.SBR
C:\USERS\KTG\DESKTOP\OOD\DEBUG\CPPCOMMONCODEGENERATOR.SBR
C:\USERS\KTG\DESKTOP\OOD\DEBUG\CPPCODEGENERATOR.SBR
C:\USERS\KTG\DESKTOP\OOD\DEBUG\CPPCLASSPROPGENERAL.SBR
C:\USERS\KTG\DESKTOP\OOD\DEBUG\COODVIEW.SBR
C:\USERS\KTG\DESKTOP\OOD\DEBUG\COODSRVRITEM.SBR
C:\USERS\KTG\DESKTOP\OOD\DEBUG\COODDOC.SBR
C:\USERS\KTG\DESKTOP\OOD\DEBUG\COODCOMMONVIEW.SBR
C:\USERS\KTG\DESKTOP\OOD\DEBUG\COODCOMMONFRM.SBR
C:\USERS\KTG\DESKTOP\OOD\DEBUG\COODCOMMONDOC.SBR
C:\USERS\KTG\DESKTOP\OOD\DEBUG\COODCNTRLITEMLIST.SBR
C:\USERS\KTG\DESKTOP\OOD\DEBUG\COODCNTRLITEM.SBR
C:\USERS\KTG\DESKTOP\OOD\DEBUG\COODCLASSDOC.SBR
C:\USERS\KTG\DESKTOP\OOD\DEBUG\COODCLASSDOC.OBJ
C:\USERS\KTG\DESKTOP\OOD\DEBUG\COODCNTRLITEM.OBJ
C:\USERS\KTG\DESKTOP\OOD\DEBUG\COODCNTRLITEMLIST.OBJ
C:\USERS\KTG\DESKTOP\OOD\DEBUG\COODCOMMONDOC.OBJ
C:\USERS\KTG\DESKTOP\OOD\DEBUG\COODCOMMONFRM.OBJ
C:\USERS\KTG\DESKTOP\OOD\DEBUG\COODCOMMONVIEW.OBJ
C:\USERS\KTG\DESKTOP\OOD\DEBUG\COODDOC.OBJ
C:\USERS\KTG\DESKTOP\OOD\DEBUG\COODSRVRITEM.OBJ
C:\USERS\KTG\DESKTOP\OOD\DEBUG\COODVIEW.OBJ
C:\USERS\KTG\DESKTOP\OOD\DEBUG\CPPCLASSPROPGENERAL.OBJ
C:\USERS\KTG\DESKTOP\OOD\DEBUG\CPPCODEGENERATOR.OBJ
C:\USERS\KTG\DESKTOP\OOD\DEBUG\CPPCOMMONCODEGENERATOR.OBJ
C:\USERS\KTG\DESKTOP\OOD\DEBUG\CPPMETHODPROPGENERAL.OBJ
C:\USERS\KTG\DESKTOP\OOD\DEBUG\CPPVARPROPGENERAL.OBJ
C:\USERS\KTG\DESKTOP\OOD\DEBUG\CPROJECTOPTIONSCODEGEN.OBJ
C:\USERS\KTG\DESKTOP\OOD\DEBUG\CPROJECTOPTIONSDLG.OBJ
C:\USERS\KTG\DESKTOP\OOD\DEBUG\CPROJECTOPTIONSGENERAL.OBJ
C:\USERS\KTG\DESKTOP\OOD\DEBUG\CPROJECTOPTIONSMACROS.OBJ
C:\USERS\KTG\DESKTOP\OOD\DEBUG\CPROJECTOPTIONSREVERSE.OBJ
C:\USERS\KTG\DESKTOP\OOD\DEBUG\CRESIZABLECONTROLBAR.OBJ
C:\USERS\KTG\DESKTOP\OOD\DEBUG\CONNECTIONTEXT.SBR
C:\USERS\KTG\DESKTOP\OOD\DEBUG\CONNECTIONPOPUP.SBR
C:\USERS\KTG\DESKTOP\OOD\DEBUG\CONNECTIONLIST.SBR
C:\USERS\KTG\DESKTOP\OOD\DEBUG\CONNECTIONINFOTUPLE.SBR
C:\USERS\KTG\DESKTOP\OOD\DEBUG\CONNECTION.SBR
C:\USERS\KTG\DESKTOP\OOD\DEBUG\COMPONENTTEXT.SBR
C:\USERS\KTG\DESKTOP\OOD\DEBUG\COMPONENTTEMPLATE.SBR
C:\USERS\KTG\DESKTOP\OOD\DEBUG\COMMUNICATION.SBR
C:\USERS\KTG\DESKTOP\OOD\DEBUG\COMMENTDLG.SBR
C:\USERS\KTG\DESKTOP\OOD\DEBUG\COLLABORATIONOBJECTPOPUP.SBR
C:\USERS\KTG\DESKTOP\OOD\DEBUG\COLLABORATIONOBJECTMESSAGETEXT.SBR
C:\USERS\KTG\DESKTOP\OOD\DEBUG\COLLABORATIONOBJECT.SBR
C:\USERS\KTG\DESKTOP\OOD\DEBUG\COLLABORATIONMULTIOBJECT.SBR
C:\USERS\KTG\DESKTOP\OOD\DEBUG\COLLABORATIONMAINPOPUP.SBR
C:\USERS\KTG\DESKTOP\OOD\DEBUG\CODEGENERATOR.SBR
C:\USERS\KTG\DESKTOP\OOD\DEBUG\COBJECTVIEW.SBR
C:\USERS\KTG\DESKTOP\OOD\DEBUG\COBJECTFRM.SBR
C:\USERS\KTG\DESKTOP\OOD\DEBUG\CNEWWSDLG.SBR
C:\USERS\KTG\DESKTOP\OOD\DEBUG\CNEWDLG.SBR
C:\USERS\KTG\DESKTOP\OOD\DEBUG\CMAINFRAME.SBR
C:\USERS\KTG\DESKTOP\OOD\DEBUG\CMAINFRAME.OBJ
C:\USERS\KTG\DESKTOP\OOD\DEBUG\CNEWDLG.OBJ
C:\USERS\KTG\DESKTOP\OOD\DEBUG\CNEWWSDLG.OBJ
C:\USERS\KTG\DESKTOP\OOD\DEBUG\COBJECTFRM.OBJ
C:\USERS\KTG\DESKTOP\OOD\DEBUG\COBJECTVIEW.OBJ
C:\USERS\KTG\DESKTOP\OOD\DEBUG\CODEGENERATOR.OBJ
C:\USERS\KTG\DESKTOP\OOD\DEBUG\COLLABORATIONMAINPOPUP.OBJ
C:\USERS\KTG\DESKTOP\OOD\DEBUG\COLLABORATIONMULTIOBJECT.OBJ
C:\USERS\KTG\DESKTOP\OOD\DEBUG\COLLABORATIONOBJECT.OBJ
C:\USERS\KTG\DESKTOP\OOD\DEBUG\COLLABORATIONOBJECTMESSAGETEXT.OBJ
C:\USERS\KTG\DESKTOP\OOD\DEBUG\COLLABORATIONOBJECTPOPUP.OBJ
C:\USERS\KTG\DESKTOP\OOD\DEBUG\COMMENTDLG.OBJ
C:\USERS\KTG\DESKTOP\OOD\DEBUG\COMMUNICATION.OBJ
C:\USERS\KTG\DESKTOP\OOD\DEBUG\COMPONENTTEMPLATE.OBJ
C:\USERS\KTG\DESKTOP\OOD\DEBUG\COMPONENTTEXT.OBJ
C:\USERS\KTG\DESKTOP\OOD\DEBUG\CONNECTION.OBJ
C:\USERS\KTG\DESKTOP\OOD\DEBUG\CONNECTIONINFOTUPLE.OBJ
C:\USERS\KTG\DESKTOP\OOD\DEBUG\CONNECTIONLIST.OBJ
C:\USERS\KTG\DESKTOP\OOD\DEBUG\CONNECTIONPOPUP.OBJ
C:\USERS\KTG\DESKTOP\OOD\DEBUG\CONNECTIONTEXT.OBJ
C:\USERS\KTG\DESKTOP\OOD\DEBUG\CLASSTREEVIEW.SBR
C:\USERS\KTG\DESKTOP\OOD\DEBUG\CLASSTEXTLINE.SBR
C:\USERS\KTG\DESKTOP\OOD\DEBUG\CLASSTEXT.SBR
C:\USERS\KTG\DESKTOP\OOD\DEBUG\CLASSTEMPLATEPOPUP.SBR
C:\USERS\KTG\DESKTOP\OOD\DEBUG\CLASSTEMPLATE.SBR
C:\USERS\KTG\DESKTOP\OOD\DEBUG\CLASSPROPDLG.SBR
C:\USERS\KTG\DESKTOP\OOD\DEBUG\CLASSOTHERSOPTION.SBR
C:\USERS\KTG\DESKTOP\OOD\DEBUG\CLASSMEMBERLISTVIEW.SBR
C:\USERS\KTG\DESKTOP\OOD\DEBUG\CLASSMAINPOPUP.SBR
C:\USERS\KTG\DESKTOP\OOD\DEBUG\CLASSLIBRARY.SBR
C:\USERS\KTG\DESKTOP\OOD\DEBUG\CLASSFIGURELIBRARY.SBR
C:\USERS\KTG\DESKTOP\OOD\DEBUG\CLASSDOCUMENTDLG.SBR
C:\USERS\KTG\DESKTOP\OOD\DEBUG\CLASSCONTENT.SBR
C:\USERS\KTG\DESKTOP\OOD\DEBUG\CITLIST.SBR
C:\USERS\KTG\DESKTOP\OOD\DEBUG\CIRCLE.SBR
C:\USERS\KTG\DESKTOP\OOD\DEBUG\CINPLACEFRAME.SBR
C:\USERS\KTG\DESKTOP\OOD\DEBUG\CDEPLOYMENTVIEW.SBR
C:\USERS\KTG\DESKTOP\OOD\DEBUG\CDEPLOYMENTFRM.SBR
C:\USERS\KTG\DESKTOP\OOD\DEBUG\CCOLLABORATIONVIEW.SBR
C:\USERS\KTG\DESKTOP\OOD\DEBUG\CCOLLABORATIONFRM.SBR
C:\USERS\KTG\DESKTOP\OOD\DEBUG\CCOLLABORATIONFRM.OBJ
C:\USERS\KTG\DESKTOP\OOD\DEBUG\CCOLLABORATIONVIEW.OBJ
C:\USERS\KTG\DESKTOP\OOD\DEBUG\CDEPLOYMENTFRM.OBJ
C:\USERS\KTG\DESKTOP\OOD\DEBUG\CDEPLOYMENTVIEW.OBJ
C:\USERS\KTG\DESKTOP\OOD\DEBUG\CINPLACEFRAME.OBJ
C:\USERS\KTG\DESKTOP\OOD\DEBUG\CIRCLE.OBJ
C:\USERS\KTG\DESKTOP\OOD\DEBUG\CITLIST.OBJ
C:\USERS\KTG\DESKTOP\OOD\DEBUG\CLASSCONTENT.OBJ
C:\USERS\KTG\DESKTOP\OOD\DEBUG\CLASSDOCUMENTDLG.OBJ
C:\USERS\KTG\DESKTOP\OOD\DEBUG\CLASSFIGURELIBRARY.OBJ
C:\USERS\KTG\DESKTOP\OOD\DEBUG\CLASSLIBRARY.OBJ
C:\USERS\KTG\DESKTOP\OOD\DEBUG\CLASSMAINPOPUP.OBJ
C:\USERS\KTG\DESKTOP\OOD\DEBUG\CLASSMEMBERLISTVIEW.OBJ
C:\USERS\KTG\DESKTOP\OOD\DEBUG\CLASSOTHERSOPTION.OBJ
C:\USERS\KTG\DESKTOP\OOD\DEBUG\CLASSPROPDLG.OBJ
C:\USERS\KTG\DESKTOP\OOD\DEBUG\CLASSTEMPLATE.OBJ
C:\USERS\KTG\DESKTOP\OOD\DEBUG\CLASSTEMPLATEPOPUP.OBJ
C:\USERS\KTG\DESKTOP\OOD\DEBUG\CLASSTEXT.OBJ
C:\USERS\KTG\DESKTOP\OOD\DEBUG\CLASSTEXTLINE.OBJ
C:\USERS\KTG\DESKTOP\OOD\DEBUG\CLASSTREEVIEW.OBJ
C:\USERS\KTG\DESKTOP\OOD\DEBUG\CCLASSVIEW.SBR
C:\USERS\KTG\DESKTOP\OOD\DEBUG\CCLASSMIGRATIONDLG.SBR
C:\USERS\KTG\DESKTOP\OOD\DEBUG\CCLASSFRM.SBR
C:\USERS\KTG\DESKTOP\OOD\DEBUG\CCLASSDELETEDLG.SBR
C:\USERS\KTG\DESKTOP\OOD\DEBUG\CCHOOSEDIRDLG.SBR
C:\USERS\KTG\DESKTOP\OOD\DEBUG\CCHILDFRM.SBR
C:\USERS\KTG\DESKTOP\OOD\DEBUG\CAPTUREDLG.SBR
C:\USERS\KTG\DESKTOP\OOD\DEBUG\CACTIVITYVIEW.SBR
C:\USERS\KTG\DESKTOP\OOD\DEBUG\CACTIVITYFRM.SBR
C:\USERS\KTG\DESKTOP\OOD\DEBUG\BUCKET.SBR
C:\USERS\KTG\DESKTOP\OOD\DEBUG\BOX.SBR
C:\USERS\KTG\DESKTOP\OOD\DEBUG\BEGINACTIVITY.SBR
C:\USERS\KTG\DESKTOP\OOD\DEBUG\BASECLASSINITDLG.SBR
C:\USERS\KTG\DESKTOP\OOD\DEBUG\ASSOCIATIONPOPUP.SBR
C:\USERS\KTG\DESKTOP\OOD\DEBUG\ASSOCIATION.SBR
C:\USERS\KTG\DESKTOP\OOD\DEBUG\ARGUMENTLIST.SBR
C:\USERS\KTG\DESKTOP\OOD\DEBUG\ARGUMENTINFO.SBR
C:\USERS\KTG\DESKTOP\OOD\DEBUG\ANYTIONINFOTUPLE.SBR
C:\USERS\KTG\DESKTOP\OOD\DEBUG\ANCHORLIST.SBR
C:\USERS\KTG\DESKTOP\OOD\DEBUG\ANCHOR.SBR
C:\USERS\KTG\DESKTOP\OOD\DEBUG\ANCHOR.OBJ
C:\USERS\KTG\DESKTOP\OOD\DEBUG\ANCHORLIST.OBJ
C:\USERS\KTG\DESKTOP\OOD\DEBUG\ANYTIONINFOTUPLE.OBJ
C:\USERS\KTG\DESKTOP\OOD\DEBUG\ARGUMENTINFO.OBJ
C:\USERS\KTG\DESKTOP\OOD\DEBUG\ARGUMENTLIST.OBJ
C:\USERS\KTG\DESKTOP\OOD\DEBUG\ASSOCIATION.OBJ
C:\USERS\KTG\DESKTOP\OOD\DEBUG\ASSOCIATIONPOPUP.OBJ
C:\USERS\KTG\DESKTOP\OOD\DEBUG\BASECLASSINITDLG.OBJ
C:\USERS\KTG\DESKTOP\OOD\DEBUG\BEGINACTIVITY.OBJ
C:\USERS\KTG\DESKTOP\OOD\DEBUG\BOX.OBJ
C:\USERS\KTG\DESKTOP\OOD\DEBUG\BUCKET.OBJ
C:\USERS\KTG\DESKTOP\OOD\DEBUG\CACTIVITYFRM.OBJ
C:\USERS\KTG\DESKTOP\OOD\DEBUG\CACTIVITYVIEW.OBJ
C:\USERS\KTG\DESKTOP\OOD\DEBUG\CAPTUREDLG.OBJ
C:\USERS\KTG\DESKTOP\OOD\DEBUG\CCHILDFRM.OBJ
C:\USERS\KTG\DESKTOP\OOD\DEBUG\CCHOOSEDIRDLG.OBJ
C:\USERS\KTG\DESKTOP\OOD\DEBUG\CCLASSDELETEDLG.OBJ
C:\USERS\KTG\DESKTOP\OOD\DEBUG\CCLASSFRM.OBJ
C:\USERS\KTG\DESKTOP\OOD\DEBUG\CCLASSMIGRATIONDLG.OBJ
C:\USERS\KTG\DESKTOP\OOD\DEBUG\CCLASSVIEW.OBJ
C:\USERS\KTG\DESKTOP\OOD\DEBUG\AGGREGATIONPOPUP.SBR
C:\USERS\KTG\DESKTOP\OOD\DEBUG\AGGREGATION.SBR
C:\USERS\KTG\DESKTOP\OOD\DEBUG\ACTORNAMETEXT.SBR
C:\USERS\KTG\DESKTOP\OOD\DEBUG\ACTOR.SBR
C:\USERS\KTG\DESKTOP\OOD\DEBUG\ACTIVITYTEXT.SBR
C:\USERS\KTG\DESKTOP\OOD\DEBUG\ACTIVITYMAINPOPUP.SBR
C:\USERS\KTG\DESKTOP\OOD\DEBUG\ACTIVITY.SBR
C:\USERS\KTG\DESKTOP\OOD\DEBUG\ACTIVATIONBARPOPUP.SBR
C:\USERS\KTG\DESKTOP\OOD\DEBUG\ACTIVATIONBARLIST.SBR
C:\USERS\KTG\DESKTOP\OOD\DEBUG\ACTIVATIONBAR.SBR
C:\USERS\KTG\DESKTOP\OOD\DEBUG\ACTIVATIONBAR.OBJ
C:\USERS\KTG\DESKTOP\OOD\DEBUG\ACTIVATIONBARLIST.OBJ
C:\USERS\KTG\DESKTOP\OOD\DEBUG\ACTIVATIONBARPOPUP.OBJ
C:\USERS\KTG\DESKTOP\OOD\DEBUG\ACTIVITY.OBJ
C:\USERS\KTG\DESKTOP\OOD\DEBUG\ACTIVITYMAINPOPUP.OBJ
C:\USERS\KTG\DESKTOP\OOD\DEBUG\ACTIVITYTEXT.OBJ
C:\USERS\KTG\DESKTOP\OOD\DEBUG\ACTOR.OBJ
C:\USERS\KTG\DESKTOP\OOD\DEBUG\ACTORNAMETEXT.OBJ
C:\USERS\KTG\DESKTOP\OOD\DEBUG\AGGREGATION.OBJ
C:\USERS\KTG\DESKTOP\OOD\DEBUG\AGGREGATIONPOPUP.OBJ
C:\USERS\KTG\DESKTOP\OOD\DEBUG\OOD.ILK
C:\USERS\KTG\DESKTOP\OOD\DEBUG\OOD.EXE
C:\USERS\KTG\DESKTOP\OOD\DEBUG\OOD.PDB
C:\USERS\KTG\DESKTOP\OOD\DEBUG\OOD.RES
C:\Users\ktg\Desktop\ood\Debug\ActivationBar.obj
C:\Users\ktg\Desktop\ood\Debug\ActivationBarList.obj
C:\Users\ktg\Desktop\ood\Debug\ActivationBarPopup.obj
C:\Users\ktg\Desktop\ood\Debug\Activity.obj
C:\Users\ktg\Desktop\ood\Debug\ActivityMainPopup.obj
C:\Users\ktg\Desktop\ood\Debug\ActivityText.obj
C:\Users\ktg\Desktop\ood\Debug\Actor.obj
C:\Users\ktg\Desktop\ood\Debug\ActorNameText.obj
C:\Users\ktg\Desktop\ood\Debug\Aggregation.obj
C:\Users\ktg\Desktop\ood\Debug\AggregationPopup.obj
C:\Users\ktg\Desktop\ood\Debug\Anchor.obj
C:\Users\ktg\Desktop\ood\Debug\AnchorList.obj
C:\Users\ktg\Desktop\ood\Debug\AnytionInfoTuple.obj
C:\Users\ktg\Desktop\ood\Debug\ArgumentInfo.obj
C:\Users\ktg\Desktop\ood\Debug\ArgumentList.obj
C:\Users\ktg\Desktop\ood\Debug\Association.obj
C:\Users\ktg\Desktop\ood\Debug\AssociationPopup.obj
C:\Users\ktg\Desktop\ood\Debug\BaseClassInitDlg.obj
C:\Users\ktg\Desktop\ood\Debug\BeginActivity.obj
C:\Users\ktg\Desktop\ood\Debug\Box.obj
C:\Users\ktg\Desktop\ood\Debug\Bucket.obj
C:\Users\ktg\Desktop\ood\Debug\CActivityFrm.obj
C:\Users\ktg\Desktop\ood\Debug\CActivityView.obj
C:\Users\ktg\Desktop\ood\Debug\CaptureDlg.obj
C:\Users\ktg\Desktop\ood\Debug\CChildFrm.obj
C:\Users\ktg\Desktop\ood\Debug\CChooseDirDlg.obj
C:\Users\ktg\Desktop\ood\Debug\CClassDeleteDlg.obj
C:\Users\ktg\Desktop\ood\Debug\CClassFrm.obj
C:\Users\ktg\Desktop\ood\Debug\CClassMigrationDlg.obj
C:\Users\ktg\Desktop\ood\Debug\CClassView.obj
C:\Users\ktg\Desktop\ood\Debug\CCollaborationFrm.obj
C:\Users\ktg\Desktop\ood\Debug\CCollaborationView.obj
C:\Users\ktg\Desktop\ood\Debug\CDeploymentFrm.obj
C:\Users\ktg\Desktop\ood\Debug\CDeploymentView.obj
C:\Users\ktg\Desktop\ood\Debug\CInPlaceFrame.obj
C:\Users\ktg\Desktop\ood\Debug\Circle.obj
C:\Users\ktg\Desktop\ood\Debug\CITList.obj
C:\Users\ktg\Desktop\ood\Debug\ClassContent.obj
C:\Users\ktg\Desktop\ood\Debug\ClassDocumentDlg.obj
C:\Users\ktg\Desktop\ood\Debug\ClassFigureLibrary.obj
C:\Users\ktg\Desktop\ood\Debug\ClassLibrary.obj
C:\Users\ktg\Desktop\ood\Debug\ClassMainPopup.obj
C:\Users\ktg\Desktop\ood\Debug\ClassMemberListView.obj
C:\Users\ktg\Desktop\ood\Debug\ClassOthersOption.obj
C:\Users\ktg\Desktop\ood\Debug\ClassPropDlg.obj
C:\Users\ktg\Desktop\ood\Debug\ClassTemplate.obj
C:\Users\ktg\Desktop\ood\Debug\ClassTemplatePopup.obj
C:\Users\ktg\Desktop\ood\Debug\ClassText.obj
C:\Users\ktg\Desktop\ood\Debug\ClassTextLine.obj
C:\Users\ktg\Desktop\ood\Debug\ClassTreeView.obj
C:\Users\ktg\Desktop\ood\Debug\CMainFrame.obj
C:\Users\ktg\Desktop\ood\Debug\CNewDlg.obj
C:\Users\ktg\Desktop\ood\Debug\CNewWSDlg.obj
C:\Users\ktg\Desktop\ood\Debug\CObjectFrm.obj
C:\Users\ktg\Desktop\ood\Debug\CObjectView.obj
C:\Users\ktg\Desktop\ood\Debug\CodeGenerator.obj
C:\Users\ktg\Desktop\ood\Debug\CollaborationMainPopup.obj
C:\Users\ktg\Desktop\ood\Debug\CollaborationMultiObject.obj
C:\Users\ktg\Desktop\ood\Debug\CollaborationObject.obj
C:\Users\ktg\Desktop\ood\Debug\CollaborationObjectMessageText.obj
C:\Users\ktg\Desktop\ood\Debug\CollaborationObjectPopup.obj
C:\Users\ktg\Desktop\ood\Debug\CommentDlg.obj
C:\Users\ktg\Desktop\ood\Debug\Communication.obj
C:\Users\ktg\Desktop\ood\Debug\ComponentTemplate.obj
C:\Users\ktg\Desktop\ood\Debug\ComponentText.obj
C:\Users\ktg\Desktop\ood\Debug\Connection.obj
C:\Users\ktg\Desktop\ood\Debug\ConnectionInfoTuple.obj
C:\Users\ktg\Desktop\ood\Debug\ConnectionList.obj
C:\Users\ktg\Desktop\ood\Debug\ConnectionPopup.obj
C:\Users\ktg\Desktop\ood\Debug\ConnectionText.obj
C:\Users\ktg\Desktop\ood\Debug\COODClassDoc.obj
C:\Users\ktg\Desktop\ood\Debug\COODCntrlItem.obj
C:\Users\ktg\Desktop\ood\Debug\COODCntrlItemList.obj
C:\Users\ktg\Desktop\ood\Debug\COODCommonDoc.obj
C:\Users\ktg\Desktop\ood\Debug\COODCommonFrm.obj
C:\Users\ktg\Desktop\ood\Debug\COODCommonView.obj
C:\Users\ktg\Desktop\ood\Debug\COODDoc.obj
C:\Users\ktg\Desktop\ood\Debug\COODSrvrItem.obj
C:\Users\ktg\Desktop\ood\Debug\COODView.obj
C:\Users\ktg\Desktop\ood\Debug\CPPClassPropGeneral.obj
C:\Users\ktg\Desktop\ood\Debug\CPPCodeGenerator.obj
C:\Users\ktg\Desktop\ood\Debug\CPPCommonCodeGenerator.obj
C:\Users\ktg\Desktop\ood\Debug\CPPMethodPropGeneral.obj
C:\Users\ktg\Desktop\ood\Debug\CPPVarPropGeneral.obj
C:\Users\ktg\Desktop\ood\Debug\CProjectOptionsCodeGen.obj
C:\Users\ktg\Desktop\ood\Debug\CProjectOptionsDlg.obj
C:\Users\ktg\Desktop\ood\Debug\CProjectOptionsGeneral.obj
C:\Users\ktg\Desktop\ood\Debug\CProjectOptionsMacros.obj
C:\Users\ktg\Desktop\ood\Debug\CProjectOptionsReverse.obj
C:\Users\ktg\Desktop\ood\Debug\CResizableControlBar.obj
C:\Users\ktg\Desktop\ood\Debug\CResizableDockBar.obj
C:\Users\ktg\Desktop\ood\Debug\CResizableDockContext.obj
C:\Users\ktg\Desktop\ood\Debug\CResizableDockState.obj
C:\Users\ktg\Desktop\ood\Debug\CResizableEditDoc.obj
C:\Users\ktg\Desktop\ood\Debug\CResizableEditView.obj
C:\Users\ktg\Desktop\ood\Debug\CResizableEditViewBar.obj
C:\Users\ktg\Desktop\ood\Debug\CResizableFloatWnd.obj
C:\Users\ktg\Desktop\ood\Debug\CResizableMDIFrameWnd.obj
C:\Users\ktg\Desktop\ood\Debug\CResizableMiniDockFrameWnd.obj
C:\Users\ktg\Desktop\ood\Debug\CResizableRectTracker.obj
C:\Users\ktg\Desktop\ood\Debug\CResizableTreeBar.obj
C:\Users\ktg\Desktop\ood\Debug\CResizeEditViewBarDocTemp.obj
C:\Users\ktg\Desktop\ood\Debug\CSelectDlg.obj
C:\Users\ktg\Desktop\ood\Debug\CSequenceFrm.obj
C:\Users\ktg\Desktop\ood\Debug\CSequenceView.obj
C:\Users\ktg\Desktop\ood\Debug\CSharpClassPropGeneral.obj
C:\Users\ktg\Desktop\ood\Debug\CSharpCodeGenerator.obj
C:\Users\ktg\Desktop\ood\Debug\CSharpMethodPropGeneral.obj
C:\Users\ktg\Desktop\ood\Debug\CSharpVarPropGeneral.obj
C:\Users\ktg\Desktop\ood\Debug\CSplitterRect.obj
C:\Users\ktg\Desktop\ood\Debug\CStateFrm.obj
C:\Users\ktg\Desktop\ood\Debug\CStateView.obj
C:\Users\ktg\Desktop\ood\Debug\CTextDoc.obj
C:\Users\ktg\Desktop\ood\Debug\CTextFrm.obj
C:\Users\ktg\Desktop\ood\Debug\CTextView.obj
C:\Users\ktg\Desktop\ood\Debug\CUseCaseFrm.obj
C:\Users\ktg\Desktop\ood\Debug\CUseCaseView.obj
C:\Users\ktg\Desktop\ood\Debug\CustomToolBar.obj
C:\Users\ktg\Desktop\ood\Debug\CWndSpaceElt.obj
C:\Users\ktg\Desktop\ood\Debug\DataMembersOption.obj
C:\Users\ktg\Desktop\ood\Debug\Dependency.obj
C:\Users\ktg\Desktop\ood\Debug\DependencyPopup.obj
C:\Users\ktg\Desktop\ood\Debug\DeploymentMainPopup.obj
C:\Users\ktg\Desktop\ood\Debug\Diamond.obj
C:\Users\ktg\Desktop\ood\Debug\EditableFigure.obj
C:\Users\ktg\Desktop\ood\Debug\EditPopup.obj
C:\Users\ktg\Desktop\ood\Debug\EndActivity.obj
C:\Users\ktg\Desktop\ood\Debug\Etc.obj
C:\Users\ktg\Desktop\ood\Debug\EventText.obj
C:\Users\ktg\Desktop\ood\Debug\ExcludeRect.obj
C:\Users\ktg\Desktop\ood\Debug\ExcludeRectList.obj
C:\Users\ktg\Desktop\ood\Debug\Figure.obj
C:\Users\ktg\Desktop\ood\Debug\FigureLibrary.obj
C:\Users\ktg\Desktop\ood\Debug\FigureList.obj
C:\Users\ktg\Desktop\ood\Debug\FinalState.obj
C:\Users\ktg\Desktop\ood\Debug\FixedNamesTable.obj
C:\Users\ktg\Desktop\ood\Debug\FontInfo.obj
C:\Users\ktg\Desktop\ood\Debug\Generalization.obj
C:\Users\ktg\Desktop\ood\Debug\GeneralizationPopup.obj
C:\Users\ktg\Desktop\ood\Debug\HardwareNode.obj
C:\Users\ktg\Desktop\ood\Debug\HWConnection.obj
C:\Users\ktg\Desktop\ood\Debug\HWConnectionText.obj
C:\Users\ktg\Desktop\ood\Debug\InitialState.obj
C:\Users\ktg\Desktop\ood\Debug\InterfacePort.obj
C:\Users\ktg\Desktop\ood\Debug\InterfacePortList.obj
C:\Users\ktg\Desktop\ood\Debug\InterfacePortPopup.obj
C:\Users\ktg\Desktop\ood\Debug\InterfacePortText.obj
C:\Users\ktg\Desktop\ood\Debug\JavaClassPropGeneral.obj
C:\Users\ktg\Desktop\ood\Debug\JavaCodeGenerator.obj
C:\Users\ktg\Desktop\ood\Debug\JavaMethodPropGeneral.obj
C:\Users\ktg\Desktop\ood\Debug\JavaVarPropGeneral.obj
C:\Users\ktg\Desktop\ood\Debug\Line.obj
C:\Users\ktg\Desktop\ood\Debug\LineList.obj
C:\Users\ktg\Desktop\ood\Debug\LineNode.obj
C:\Users\ktg\Desktop\ood\Debug\LineNodeList.obj
C:\Users\ktg\Desktop\ood\Debug\LinePopup.obj
C:\Users\ktg\Desktop\ood\Debug\Lines.obj
C:\Users\ktg\Desktop\ood\Debug\List.obj
C:\Users\ktg\Desktop\ood\Debug\ListNode.obj
C:\Users\ktg\Desktop\ood\Debug\MemberFunctionsOption.obj
C:\Users\ktg\Desktop\ood\Debug\MemberOptionDlg.obj
C:\Users\ktg\Desktop\ood\Debug\MemberPropDlg.obj
C:\Users\ktg\Desktop\ood\Debug\MessageFlow.obj
C:\Users\ktg\Desktop\ood\Debug\MessageFlowPopup.obj
C:\Users\ktg\Desktop\ood\Debug\MessageText.obj
C:\Users\ktg\Desktop\ood\Debug\MessageTextPopup.obj
C:\Users\ktg\Desktop\ood\Debug\MethodBodyDlg.obj
C:\Users\ktg\Desktop\ood\Debug\NodeFigure.obj
C:\Users\ktg\Desktop\ood\Debug\NodeFigureList.obj
C:\Users\ktg\Desktop\ood\Debug\Note.obj
C:\Users\ktg\Desktop\ood\Debug\NoteBoundary.obj
C:\Users\ktg\Desktop\ood\Debug\NoteText.obj
C:\Users\ktg\Desktop\ood\Debug\ObjectPositionDlg.obj
C:\Users\ktg\Desktop\ood\Debug\ObjectText.obj
C:\Users\ktg\Desktop\ood\Debug\OneLineText.obj
C:\Users\ktg\Desktop\ood\Debug\OOD.obj
C:\Users\ktg\Desktop\ood\Debug\PackageCommentDlg.obj
C:\Users\ktg\Desktop\ood\Debug\PackageLibrary.obj
C:\Users\ktg\Desktop\ood\Debug\PackagePopup.obj
C:\Users\ktg\Desktop\ood\Debug\PackagePropDlg.obj
C:\Users\ktg\Desktop\ood\Debug\PackagePropGeneral.obj
C:\Users\ktg\Desktop\ood\Debug\PackageTemplate.obj
C:\Users\ktg\Desktop\ood\Debug\PackageText.obj
C:\Users\ktg\Desktop\ood\Debug\Popup.obj
C:\Users\ktg\Desktop\ood\Debug\PropCommonDlg.obj
C:\Users\ktg\Desktop\ood\Debug\QualificationText.obj
C:\Users\ktg\Desktop\ood\Debug\QueryTextDlg.obj
C:\Users\ktg\Desktop\ood\Debug\RelationshipInfoTuple.obj
C:\Users\ktg\Desktop\ood\Debug\RelationshipInfoTupleList.obj
C:\Users\ktg\Desktop\ood\Debug\RelationTraverseDlg.obj
C:\Users\ktg\Desktop\ood\Debug\RelationTraverseFrame.obj
C:\Users\ktg\Desktop\ood\Debug\ResizeGlobalData.obj
C:\Users\ktg\Desktop\ood\Debug\RoundBoxA.obj
C:\Users\ktg\Desktop\ood\Debug\RoundBoxB.obj
C:\Users\ktg\Desktop\ood\Debug\ScreenCaptureDlg.obj
C:\Users\ktg\Desktop\ood\Debug\SequenceAsyncMessage.obj
C:\Users\ktg\Desktop\ood\Debug\SequenceLanePopup.obj
C:\Users\ktg\Desktop\ood\Debug\SequenceMainPopup.obj
C:\Users\ktg\Desktop\ood\Debug\SequenceMessageText.obj
C:\Users\ktg\Desktop\ood\Debug\SequenceObject.obj
C:\Users\ktg\Desktop\ood\Debug\SequenceObjectPopup.obj
C:\Users\ktg\Desktop\ood\Debug\SequenceReturnMessage.obj
C:\Users\ktg\Desktop\ood\Debug\SequenceSelfDelegation.obj
C:\Users\ktg\Desktop\ood\Debug\SequenceSyncMessage.obj
C:\Users\ktg\Desktop\ood\Debug\SimpleConnection.obj
C:\Users\ktg\Desktop\ood\Debug\SlaveryText.obj
C:\Users\ktg\Desktop\ood\Debug\SlaveryTextList.obj
C:\Users\ktg\Desktop\ood\Debug\State.obj
C:\Users\ktg\Desktop\ood\Debug\StateMainPopup.obj
C:\Users\ktg\Desktop\ood\Debug\StatePopup.obj
C:\Users\ktg\Desktop\ood\Debug\StateText.obj
C:\Users\ktg\Desktop\ood\Debug\StaticConnectionText.obj
C:\Users\ktg\Desktop\ood\Debug\StdAfx.obj
C:\Users\ktg\Desktop\ood\Debug\SyncConditionText.obj
C:\Users\ktg\Desktop\ood\Debug\SynchronizationBar.obj
C:\Users\ktg\Desktop\ood\Debug\SynchronizationPopup.obj
C:\Users\ktg\Desktop\ood\Debug\SystemBoundary.obj
C:\Users\ktg\Desktop\ood\Debug\TabDlgWithName.obj
C:\Users\ktg\Desktop\ood\Debug\TemplateClassTag.obj
C:\Users\ktg\Desktop\ood\Debug\TemplateClassTagText.obj
C:\Users\ktg\Desktop\ood\Debug\Text.obj
C:\Users\ktg\Desktop\ood\Debug\TextContent.obj
C:\Users\ktg\Desktop\ood\Debug\TextLine.obj
C:\Users\ktg\Desktop\ood\Debug\TipBoard.obj
C:\Users\ktg\Desktop\ood\Debug\TipDialog.obj
C:\Users\ktg\Desktop\ood\Debug\Transition.obj
C:\Users\ktg\Desktop\ood\Debug\Triangle.obj
C:\Users\ktg\Desktop\ood\Debug\Trigger.obj
C:\Users\ktg\Desktop\ood\Debug\TriggerText.obj
C:\Users\ktg\Desktop\ood\Debug\TupleText.obj
C:\Users\ktg\Desktop\ood\Debug\TwoPointFigure.obj
C:\Users\ktg\Desktop\ood\Debug\UnsignedLong.obj
C:\Users\ktg\Desktop\ood\Debug\UseCase.obj
C:\Users\ktg\Desktop\ood\Debug\UseCaseExtendsLink.obj
C:\Users\ktg\Desktop\ood\Debug\UseCaseLink.obj
C:\Users\ktg\Desktop\ood\Debug\UseCaseMainPopup.obj
C:\Users\ktg\Desktop\ood\Debug\UseCaseText.obj
C:\Users\ktg\Desktop\ood\Debug\UseCaseUsesLink.obj
C:\Users\ktg\Desktop\ood\Debug\VCPPClassPropGeneral.obj
C:\Users\ktg\Desktop\ood\Debug\VCPPClassPropMaps.obj
C:\Users\ktg\Desktop\ood\Debug\VCPPCodeGenerator.obj
C:\Users\ktg\Desktop\ood\Debug\VCPPMapEditor.obj
C:\Users\ktg\Desktop\ood\Debug\VCPPMethodPropGeneral.obj
C:\Users\ktg\Desktop\ood\Debug\VCPPVarPropGeneral.obj
C:\Users\ktg\Desktop\ood\Debug\VTerm.obj
C:\Users\ktg\Desktop\ood\Debug\WidePackage.obj
C:\Users\ktg\Desktop\ood\Debug\WideState.obj
C:\Users\ktg\Desktop\ood\Debug\WideStateDlg.obj
C:\Users\ktg\Desktop\ood\Debug\XCoord.obj
C:\Users\ktg\Desktop\ood\Debug\YCoord.obj
C:\Users\ktg\Desktop\ood\Debug\ZoomComboBox.obj
C:\Users\ktg\Desktop\ood\Debug\OOD.ilk
C:\Users\ktg\Desktop\ood\Debug\BscMake.command.1.tlog
C:\Users\ktg\Desktop\ood\Debug\bscmake.read.1.tlog
C:\Users\ktg\Desktop\ood\Debug\bscmake.write.1.tlog
C:\Users\ktg\Desktop\ood\Debug\cl.command.1.tlog
C:\Users\ktg\Desktop\ood\Debug\CL.read.1.tlog
C:\Users\ktg\Desktop\ood\Debug\CL.write.1.tlog
C:\Users\ktg\Desktop\ood\Debug\link-cvtres.read.1.tlog
C:\Users\ktg\Desktop\ood\Debug\link-cvtres.write.1.tlog
C:\Users\ktg\Desktop\ood\Debug\link-mt.read.1.tlog
C:\Users\ktg\Desktop\ood\Debug\link-mt.write.1.tlog
C:\Users\ktg\Desktop\ood\Debug\link-rc.read.1.tlog
C:\Users\ktg\Desktop\ood\Debug\link-rc.write.1.tlog
C:\Users\ktg\Desktop\ood\Debug\link.command.1.tlog
C:\Users\ktg\Desktop\ood\Debug\link.read.1.tlog
C:\Users\ktg\Desktop\ood\Debug\link.write.1.tlog
C:\Users\ktg\Desktop\ood\Debug\rc.command.1.tlog
C:\Users\ktg\Desktop\ood\Debug\rc.read.1.tlog
C:\Users\ktg\Desktop\ood\Debug\rc.write.1.tlog
C:\Users\ktg\Desktop\ood\Debug\OOD.res
C:\Users\ktg\Desktop\ood\Debug\OOD.pch
C:\Users\ktg\Desktop\ood\Debug\vc110.idb
C:\Users\ktg\Desktop\ood\Debug\OOD.pdb
C:\Users\ktg\Desktop\ood\Debug\vc110.pdb
C:\Users\ktg\Desktop\ood\Debug\OOD.bsc
C:\Users\ktg\Desktop\ood\Debug\ActivationBar.sbr
C:\Users\ktg\Desktop\ood\Debug\ActivationBarList.sbr
C:\Users\ktg\Desktop\ood\Debug\ActivationBarPopup.sbr
C:\Users\ktg\Desktop\ood\Debug\Activity.sbr
C:\Users\ktg\Desktop\ood\Debug\ActivityMainPopup.sbr
C:\Users\ktg\Desktop\ood\Debug\ActivityText.sbr
C:\Users\ktg\Desktop\ood\Debug\Actor.sbr
C:\Users\ktg\Desktop\ood\Debug\ActorNameText.sbr
C:\Users\ktg\Desktop\ood\Debug\Aggregation.sbr
C:\Users\ktg\Desktop\ood\Debug\AggregationPopup.sbr
C:\Users\ktg\Desktop\ood\Debug\Anchor.sbr
C:\Users\ktg\Desktop\ood\Debug\AnchorList.sbr
C:\Users\ktg\Desktop\ood\Debug\AnytionInfoTuple.sbr
C:\Users\ktg\Desktop\ood\Debug\ArgumentInfo.sbr
C:\Users\ktg\Desktop\ood\Debug\ArgumentList.sbr
C:\Users\ktg\Desktop\ood\Debug\Association.sbr
C:\Users\ktg\Desktop\ood\Debug\AssociationPopup.sbr
C:\Users\ktg\Desktop\ood\Debug\BaseClassInitDlg.sbr
C:\Users\ktg\Desktop\ood\Debug\BeginActivity.sbr
C:\Users\ktg\Desktop\ood\Debug\Box.sbr
C:\Users\ktg\Desktop\ood\Debug\Bucket.sbr
C:\Users\ktg\Desktop\ood\Debug\CActivityFrm.sbr
C:\Users\ktg\Desktop\ood\Debug\CActivityView.sbr
C:\Users\ktg\Desktop\ood\Debug\CaptureDlg.sbr
C:\Users\ktg\Desktop\ood\Debug\CChildFrm.sbr
C:\Users\ktg\Desktop\ood\Debug\CChooseDirDlg.sbr
C:\Users\ktg\Desktop\ood\Debug\CClassDeleteDlg.sbr
C:\Users\ktg\Desktop\ood\Debug\CClassFrm.sbr
C:\Users\ktg\Desktop\ood\Debug\CClassMigrationDlg.sbr
C:\Users\ktg\Desktop\ood\Debug\CClassView.sbr
C:\Users\ktg\Desktop\ood\Debug\CCollaborationFrm.sbr
C:\Users\ktg\Desktop\ood\Debug\CCollaborationView.sbr
C:\Users\ktg\Desktop\ood\Debug\CDeploymentFrm.sbr
C:\Users\ktg\Desktop\ood\Debug\CDeploymentView.sbr
C:\Users\ktg\Desktop\ood\Debug\CInPlaceFrame.sbr
C:\Users\ktg\Desktop\ood\Debug\Circle.sbr
C:\Users\ktg\Desktop\ood\Debug\CITList.sbr
C:\Users\ktg\Desktop\ood\Debug\ClassContent.sbr
C:\Users\ktg\Desktop\ood\Debug\ClassDocumentDlg.sbr
C:\Users\ktg\Desktop\ood\Debug\ClassFigureLibrary.sbr
C:\Users\ktg\Desktop\ood\Debug\ClassLibrary.sbr
C:\Users\ktg\Desktop\ood\Debug\ClassMainPopup.sbr
C:\Users\ktg\Desktop\ood\Debug\ClassMemberListView.sbr
C:\Users\ktg\Desktop\ood\Debug\ClassOthersOption.sbr
C:\Users\ktg\Desktop\ood\Debug\ClassPropDlg.sbr
C:\Users\ktg\Desktop\ood\Debug\ClassTemplate.sbr
C:\Users\ktg\Desktop\ood\Debug\ClassTemplatePopup.sbr
C:\Users\ktg\Desktop\ood\Debug\ClassText.sbr
C:\Users\ktg\Desktop\ood\Debug\ClassTextLine.sbr
C:\Users\ktg\Desktop\ood\Debug\ClassTreeView.sbr
C:\Users\ktg\Desktop\ood\Debug\CMainFrame.sbr
C:\Users\ktg\Desktop\ood\Debug\CNewDlg.sbr
C:\Users\ktg\Desktop\ood\Debug\CNewWSDlg.sbr
C:\Users\ktg\Desktop\ood\Debug\CObjectFrm.sbr
C:\Users\ktg\Desktop\ood\Debug\CObjectView.sbr
C:\Users\ktg\Desktop\ood\Debug\CodeGenerator.sbr
C:\Users\ktg\Desktop\ood\Debug\CollaborationMainPopup.sbr
C:\Users\ktg\Desktop\ood\Debug\CollaborationMultiObject.sbr
C:\Users\ktg\Desktop\ood\Debug\CollaborationObject.sbr
C:\Users\ktg\Desktop\ood\Debug\CollaborationObjectMessageText.sbr
C:\Users\ktg\Desktop\ood\Debug\CollaborationObjectPopup.sbr
C:\Users\ktg\Desktop\ood\Debug\CommentDlg.sbr
C:\Users\ktg\Desktop\ood\Debug\Communication.sbr
C:\Users\ktg\Desktop\ood\Debug\ComponentTemplate.sbr
C:\Users\ktg\Desktop\ood\Debug\ComponentText.sbr
C:\Users\ktg\Desktop\ood\Debug\Connection.sbr
C:\Users\ktg\Desktop\ood\Debug\ConnectionInfoTuple.sbr
C:\Users\ktg\Desktop\ood\Debug\ConnectionList.sbr
C:\Users\ktg\Desktop\ood\Debug\ConnectionPopup.sbr
C:\Users\ktg\Desktop\ood\Debug\ConnectionText.sbr
C:\Users\ktg\Desktop\ood\Debug\COODClassDoc.sbr
C:\Users\ktg\Desktop\ood\Debug\COODCntrlItem.sbr
C:\Users\ktg\Desktop\ood\Debug\COODCntrlItemList.sbr
C:\Users\ktg\Desktop\ood\Debug\COODCommonDoc.sbr
C:\Users\ktg\Desktop\ood\Debug\COODCommonFrm.sbr
C:\Users\ktg\Desktop\ood\Debug\COODCommonView.sbr
C:\Users\ktg\Desktop\ood\Debug\COODDoc.sbr
C:\Users\ktg\Desktop\ood\Debug\COODSrvrItem.sbr
C:\Users\ktg\Desktop\ood\Debug\COODView.sbr
C:\Users\ktg\Desktop\ood\Debug\CPPClassPropGeneral.sbr
C:\Users\ktg\Desktop\ood\Debug\CPPCodeGenerator.sbr
C:\Users\ktg\Desktop\ood\Debug\CPPCommonCodeGenerator.sbr
C:\Users\ktg\Desktop\ood\Debug\CPPMethodPropGeneral.sbr
C:\Users\ktg\Desktop\ood\Debug\CPPVarPropGeneral.sbr
C:\Users\ktg\Desktop\ood\Debug\CProjectOptionsCodeGen.sbr
C:\Users\ktg\Desktop\ood\Debug\CProjectOptionsDlg.sbr
C:\Users\ktg\Desktop\ood\Debug\CProjectOptionsGeneral.sbr
C:\Users\ktg\Desktop\ood\Debug\CProjectOptionsMacros.sbr
C:\Users\ktg\Desktop\ood\Debug\CProjectOptionsReverse.sbr
C:\Users\ktg\Desktop\ood\Debug\CResizableControlBar.sbr
C:\Users\ktg\Desktop\ood\Debug\CResizableDockBar.sbr
C:\Users\ktg\Desktop\ood\Debug\CResizableDockContext.sbr
C:\Users\ktg\Desktop\ood\Debug\CResizableDockState.sbr
C:\Users\ktg\Desktop\ood\Debug\CResizableEditDoc.sbr
C:\Users\ktg\Desktop\ood\Debug\CResizableEditView.sbr
C:\Users\ktg\Desktop\ood\Debug\CResizableEditViewBar.sbr
C:\Users\ktg\Desktop\ood\Debug\CResizableFloatWnd.sbr
C:\Users\ktg\Desktop\ood\Debug\CResizableMDIFrameWnd.sbr
C:\Users\ktg\Desktop\ood\Debug\CResizableMiniDockFrameWnd.sbr
C:\Users\ktg\Desktop\ood\Debug\CResizableRectTracker.sbr
C:\Users\ktg\Desktop\ood\Debug\CResizableTreeBar.sbr
C:\Users\ktg\Desktop\ood\Debug\CResizeEditViewBarDocTemp.sbr
C:\Users\ktg\Desktop\ood\Debug\CSelectDlg.sbr
C:\Users\ktg\Desktop\ood\Debug\CSequenceFrm.sbr
C:\Users\ktg\Desktop\ood\Debug\CSequenceView.sbr
C:\Users\ktg\Desktop\ood\Debug\CSharpClassPropGeneral.sbr
C:\Users\ktg\Desktop\ood\Debug\CSharpCodeGenerator.sbr
C:\Users\ktg\Desktop\ood\Debug\CSharpMethodPropGeneral.sbr
C:\Users\ktg\Desktop\ood\Debug\CSharpVarPropGeneral.sbr
C:\Users\ktg\Desktop\ood\Debug\CSplitterRect.sbr
C:\Users\ktg\Desktop\ood\Debug\CStateFrm.sbr
C:\Users\ktg\Desktop\ood\Debug\CStateView.sbr
C:\Users\ktg\Desktop\ood\Debug\CTextDoc.sbr
C:\Users\ktg\Desktop\ood\Debug\CTextFrm.sbr
C:\Users\ktg\Desktop\ood\Debug\CTextView.sbr
C:\Users\ktg\Desktop\ood\Debug\CUseCaseFrm.sbr
C:\Users\ktg\Desktop\ood\Debug\CUseCaseView.sbr
C:\Users\ktg\Desktop\ood\Debug\CustomToolBar.sbr
C:\Users\ktg\Desktop\ood\Debug\CWndSpaceElt.sbr
C:\Users\ktg\Desktop\ood\Debug\DataMembersOption.sbr
C:\Users\ktg\Desktop\ood\Debug\Dependency.sbr
C:\Users\ktg\Desktop\ood\Debug\DependencyPopup.sbr
C:\Users\ktg\Desktop\ood\Debug\DeploymentMainPopup.sbr
C:\Users\ktg\Desktop\ood\Debug\Diamond.sbr
C:\Users\ktg\Desktop\ood\Debug\EditableFigure.sbr
C:\Users\ktg\Desktop\ood\Debug\EditPopup.sbr
C:\Users\ktg\Desktop\ood\Debug\EndActivity.sbr
C:\Users\ktg\Desktop\ood\Debug\Etc.sbr
C:\Users\ktg\Desktop\ood\Debug\EventText.sbr
C:\Users\ktg\Desktop\ood\Debug\ExcludeRect.sbr
C:\Users\ktg\Desktop\ood\Debug\ExcludeRectList.sbr
C:\Users\ktg\Desktop\ood\Debug\Figure.sbr
C:\Users\ktg\Desktop\ood\Debug\FigureLibrary.sbr
C:\Users\ktg\Desktop\ood\Debug\FigureList.sbr
C:\Users\ktg\Desktop\ood\Debug\FinalState.sbr
C:\Users\ktg\Desktop\ood\Debug\FixedNamesTable.sbr
C:\Users\ktg\Desktop\ood\Debug\FontInfo.sbr
C:\Users\ktg\Desktop\ood\Debug\Generalization.sbr
C:\Users\ktg\Desktop\ood\Debug\GeneralizationPopup.sbr
C:\Users\ktg\Desktop\ood\Debug\HardwareNode.sbr
C:\Users\ktg\Desktop\ood\Debug\HWConnection.sbr
C:\Users\ktg\Desktop\ood\Debug\HWConnectionText.sbr
C:\Users\ktg\Desktop\ood\Debug\InitialState.sbr
C:\Users\ktg\Desktop\ood\Debug\InterfacePort.sbr
C:\Users\ktg\Desktop\ood\Debug\InterfacePortList.sbr
C:\Users\ktg\Desktop\ood\Debug\InterfacePortPopup.sbr
C:\Users\ktg\Desktop\ood\Debug\InterfacePortText.sbr
C:\Users\ktg\Desktop\ood\Debug\JavaClassPropGeneral.sbr
C:\Users\ktg\Desktop\ood\Debug\JavaCodeGenerator.sbr
C:\Users\ktg\Desktop\ood\Debug\JavaMethodPropGeneral.sbr
C:\Users\ktg\Desktop\ood\Debug\JavaVarPropGeneral.sbr
C:\Users\ktg\Desktop\ood\Debug\Line.sbr
C:\Users\ktg\Desktop\ood\Debug\LineList.sbr
C:\Users\ktg\Desktop\ood\Debug\LineNode.sbr
C:\Users\ktg\Desktop\ood\Debug\LineNodeList.sbr
C:\Users\ktg\Desktop\ood\Debug\LinePopup.sbr
C:\Users\ktg\Desktop\ood\Debug\Lines.sbr
C:\Users\ktg\Desktop\ood\Debug\List.sbr
C:\Users\ktg\Desktop\ood\Debug\ListNode.sbr
C:\Users\ktg\Desktop\ood\Debug\MemberFunctionsOption.sbr
C:\Users\ktg\Desktop\ood\Debug\MemberOptionDlg.sbr
C:\Users\ktg\Desktop\ood\Debug\MemberPropDlg.sbr
C:\Users\ktg\Desktop\ood\Debug\MessageFlow.sbr
C:\Users\ktg\Desktop\ood\Debug\MessageFlowPopup.sbr
C:\Users\ktg\Desktop\ood\Debug\MessageText.sbr
C:\Users\ktg\Desktop\ood\Debug\MessageTextPopup.sbr
C:\Users\ktg\Desktop\ood\Debug\MethodBodyDlg.sbr
C:\Users\ktg\Desktop\ood\Debug\NodeFigure.sbr
C:\Users\ktg\Desktop\ood\Debug\NodeFigureList.sbr
C:\Users\ktg\Desktop\ood\Debug\Note.sbr
C:\Users\ktg\Desktop\ood\Debug\NoteBoundary.sbr
C:\Users\ktg\Desktop\ood\Debug\NoteText.sbr
C:\Users\ktg\Desktop\ood\Debug\ObjectPositionDlg.sbr
C:\Users\ktg\Desktop\ood\Debug\ObjectText.sbr
C:\Users\ktg\Desktop\ood\Debug\OneLineText.sbr
C:\Users\ktg\Desktop\ood\Debug\OOD.sbr
C:\Users\ktg\Desktop\ood\Debug\PackageCommentDlg.sbr
C:\Users\ktg\Desktop\ood\Debug\PackageLibrary.sbr
C:\Users\ktg\Desktop\ood\Debug\PackagePopup.sbr
C:\Users\ktg\Desktop\ood\Debug\PackagePropDlg.sbr
C:\Users\ktg\Desktop\ood\Debug\PackagePropGeneral.sbr
C:\Users\ktg\Desktop\ood\Debug\PackageTemplate.sbr
C:\Users\ktg\Desktop\ood\Debug\PackageText.sbr
C:\Users\ktg\Desktop\ood\Debug\Popup.sbr
C:\Users\ktg\Desktop\ood\Debug\PropCommonDlg.sbr
C:\Users\ktg\Desktop\ood\Debug\QualificationText.sbr
C:\Users\ktg\Desktop\ood\Debug\QueryTextDlg.sbr
C:\Users\ktg\Desktop\ood\Debug\RelationshipInfoTuple.sbr
C:\Users\ktg\Desktop\ood\Debug\RelationshipInfoTupleList.sbr
C:\Users\ktg\Desktop\ood\Debug\RelationTraverseDlg.sbr
C:\Users\ktg\Desktop\ood\Debug\RelationTraverseFrame.sbr
C:\Users\ktg\Desktop\ood\Debug\ResizeGlobalData.sbr
C:\Users\ktg\Desktop\ood\Debug\RoundBoxA.sbr
C:\Users\ktg\Desktop\ood\Debug\RoundBoxB.sbr
C:\Users\ktg\Desktop\ood\Debug\ScreenCaptureDlg.sbr
C:\Users\ktg\Desktop\ood\Debug\SequenceAsyncMessage.sbr
C:\Users\ktg\Desktop\ood\Debug\SequenceLanePopup.sbr
C:\Users\ktg\Desktop\ood\Debug\SequenceMainPopup.sbr
C:\Users\ktg\Desktop\ood\Debug\SequenceMessageText.sbr
C:\Users\ktg\Desktop\ood\Debug\SequenceObject.sbr
C:\Users\ktg\Desktop\ood\Debug\SequenceObjectPopup.sbr
C:\Users\ktg\Desktop\ood\Debug\SequenceReturnMessage.sbr
C:\Users\ktg\Desktop\ood\Debug\SequenceSelfDelegation.sbr
C:\Users\ktg\Desktop\ood\Debug\SequenceSyncMessage.sbr
C:\Users\ktg\Desktop\ood\Debug\SimpleConnection.sbr
C:\Users\ktg\Desktop\ood\Debug\SlaveryText.sbr
C:\Users\ktg\Desktop\ood\Debug\SlaveryTextList.sbr
C:\Users\ktg\Desktop\ood\Debug\State.sbr
C:\Users\ktg\Desktop\ood\Debug\StateMainPopup.sbr
C:\Users\ktg\Desktop\ood\Debug\StatePopup.sbr
C:\Users\ktg\Desktop\ood\Debug\StateText.sbr
C:\Users\ktg\Desktop\ood\Debug\StaticConnectionText.sbr
C:\Users\ktg\Desktop\ood\Debug\StdAfx.sbr
C:\Users\ktg\Desktop\ood\Debug\SyncConditionText.sbr
C:\Users\ktg\Desktop\ood\Debug\SynchronizationBar.sbr
C:\Users\ktg\Desktop\ood\Debug\SynchronizationPopup.sbr
C:\Users\ktg\Desktop\ood\Debug\SystemBoundary.sbr
C:\Users\ktg\Desktop\ood\Debug\TabDlgWithName.sbr
C:\Users\ktg\Desktop\ood\Debug\TemplateClassTag.sbr
C:\Users\ktg\Desktop\ood\Debug\TemplateClassTagText.sbr
C:\Users\ktg\Desktop\ood\Debug\Text.sbr
C:\Users\ktg\Desktop\ood\Debug\TextContent.sbr
C:\Users\ktg\Desktop\ood\Debug\TextLine.sbr
C:\Users\ktg\Desktop\ood\Debug\TipBoard.sbr
C:\Users\ktg\Desktop\ood\Debug\TipDialog.sbr
C:\Users\ktg\Desktop\ood\Debug\Transition.sbr
C:\Users\ktg\Desktop\ood\Debug\Triangle.sbr
C:\Users\ktg\Desktop\ood\Debug\Trigger.sbr
C:\Users\ktg\Desktop\ood\Debug\TriggerText.sbr
C:\Users\ktg\Desktop\ood\Debug\TupleText.sbr
C:\Users\ktg\Desktop\ood\Debug\TwoPointFigure.sbr
C:\Users\ktg\Desktop\ood\Debug\UnsignedLong.sbr
C:\Users\ktg\Desktop\ood\Debug\UseCase.sbr
C:\Users\ktg\Desktop\ood\Debug\UseCaseExtendsLink.sbr
C:\Users\ktg\Desktop\ood\Debug\UseCaseLink.sbr
C:\Users\ktg\Desktop\ood\Debug\UseCaseMainPopup.sbr
C:\Users\ktg\Desktop\ood\Debug\UseCaseText.sbr
C:\Users\ktg\Desktop\ood\Debug\UseCaseUsesLink.sbr
C:\Users\ktg\Desktop\ood\Debug\VCPPClassPropGeneral.sbr
C:\Users\ktg\Desktop\ood\Debug\VCPPClassPropMaps.sbr
C:\Users\ktg\Desktop\ood\Debug\VCPPCodeGenerator.sbr
C:\Users\ktg\Desktop\ood\Debug\VCPPMapEditor.sbr
C:\Users\ktg\Desktop\ood\Debug\VCPPMethodPropGeneral.sbr
C:\Users\ktg\Desktop\ood\Debug\VCPPVarPropGeneral.sbr
C:\Users\ktg\Desktop\ood\Debug\VTerm.sbr
C:\Users\ktg\Desktop\ood\Debug\WidePackage.sbr
C:\Users\ktg\Desktop\ood\Debug\WideState.sbr
C:\Users\ktg\Desktop\ood\Debug\WideStateDlg.sbr
C:\Users\ktg\Desktop\ood\Debug\XCoord.sbr
C:\Users\ktg\Desktop\ood\Debug\YCoord.sbr
C:\Users\ktg\Desktop\ood\Debug\ZoomComboBox.sbr
C:\Users\ktg\Desktop\ood\.\Debug\OOD.exe
