빌드 시작: 2017-12-11 오후 12:00:24
     1>2 노드의 "C:\Users\ktg\Desktop\ood\OOD.vcxproj" 프로젝트(Build 대상)입니다.
     1>ClCompile:
         C:\Program Files\Microsoft Visual Studio 11.0\VC\bin\CL.exe /c /Zi /nologo /W3 /WX- /O2 /Oy- /D WIN32 /D NDEBUG /D _WINDOWS /D _VC80_UPGRADE=0x0600 /D _AFXDLL /GF /Gm- /EHsc /MD /GS /Gy /fp:precise /Zc:wchar_t /Zc:forScope /Yc"stdafx.h" /Fp".\Release\OOD.pch" /Fo".\Release\\" /Fd".\Release\vc110.pdb" /Gd /TP /analyze- /errorReport:prompt StdAfx.cpp
         StdAfx.cpp
         C:\Program Files\Microsoft Visual Studio 11.0\VC\bin\CL.exe /c /Zi /nologo /W3 /WX- /O2 /Oy- /D WIN32 /D NDEBUG /D _WINDOWS /D _VC80_UPGRADE=0x0600 /D _AFXDLL /GF /Gm- /EHsc /MD /GS /Gy /fp:precise /Zc:wchar_t /Zc:forScope /Yu"stdafx.h" /Fp".\Release\OOD.pch" /Fo".\Release\\" /Fd".\Release\vc110.pdb" /Gd /TP /analyze- /errorReport:prompt ActivationBar.cpp ActivationBarList.cpp ActivationBarPopup.cpp Activity.cpp ActivityMainPopup.cpp ActivityText.cpp Actor.cpp ActorNameText.cpp Aggregation.cpp AggregationPopup.cpp Anchor.cpp AnchorList.cpp AnytionInfoTuple.cpp ArgumentInfo.cpp ArgumentList.cpp Association.cpp AssociationPopup.cpp BaseClassInitDlg.cpp BeginActivity.cpp Box.cpp Bucket.cpp CActivityFrm.cpp CActivityView.cpp CChildFrm.cpp CChooseDirDlg.cpp CClassDeleteDlg.cpp CClassFrm.cpp CClassMigrationDlg.cpp CClassView.cpp CCollaborationFrm.cpp CCollaborationView.cpp CDeploymentFrm.cpp CDeploymentView.cpp CITList.cpp CInPlaceFrame.cpp CMainFrame.cpp CNewDlg.cpp CNewWSDlg.cpp COODClassDoc.cpp COODCntrlItem.cpp COODCntrlItemList.cpp COODCommonDoc.cpp COODCommonFrm.cpp COODCommonView.cpp COODDoc.cpp COODSrvrItem.cpp COODView.cpp CObjectFrm.cpp CObjectView.cpp CPPClassPropGeneral.cpp CPPCodeGenerator.cpp CPPCommonCodeGenerator.cpp CPPMethodPropGeneral.cpp CPPVarPropGeneral.cpp CProjectOptionsCodeGen.cpp CProjectOptionsDlg.cpp CProjectOptionsGeneral.cpp CProjectOptionsMacros.cpp CProjectOptionsReverse.cpp CResizableControlBar.cpp CResizableDockBar.cpp CResizableDockContext.cpp CResizableDockState.cpp CResizableEditDoc.cpp CResizableEditView.cpp CResizableEditViewBar.cpp CResizableFloatWnd.cpp CResizableMDIFrameWnd.cpp CResizableMiniDockFrameWnd.cpp CResizableRectTracker.cpp CResizableTreeBar.cpp CResizeEditViewBarDocTemp.cpp CSelectDlg.cpp CSequenceFrm.cpp CSequenceView.cpp CSharpClassPropGeneral.cpp CSharpCodeGenerator.cpp CSharpMethodPropGeneral.cpp CSharpVarPropGeneral.cpp CSplitterRect.cpp CStateFrm.cpp CStateView.cpp CTextDoc.cpp CTextFrm.cpp CTextView.cpp CUseCaseFrm.cpp CUseCaseView.cpp CWndSpaceElt.cpp CaptureDlg.cpp Circle.cpp ClassContent.cpp ClassDocumentDlg.cpp ClassFigureLibrary.cpp ClassLibrary.cpp ClassMainPopup.cpp ClassMemberListView.cpp ClassOthersOption.cpp ClassPropDlg.cpp ClassTemplate.cpp ClassTemplatePopup.cpp ClassText.cpp ClassTextLine.cpp ClassTreeView.cpp CodeGenerator.cpp CollaborationMainPopup.cpp CollaborationMultiObject.cpp CollaborationObject.cpp CollaborationObjectMessageText.cpp CollaborationObjectPopup.cpp CommentDlg.cpp Communication.cpp ComponentTemplate.cpp ComponentText.cpp Connection.cpp ConnectionInfoTuple.cpp ConnectionList.cpp ConnectionPopup.cpp ConnectionText.cpp CustomToolBar.cpp DataMembersOption.cpp Dependency.cpp DependencyPopup.cpp DeploymentMainPopup.cpp Diamond.cpp EditPopup.cpp EditableFigure.cpp EndActivity.cpp Etc.cpp EventText.cpp ExcludeRect.cpp ExcludeRectList.cpp Figure.cpp FigureLibrary.cpp FigureList.cpp FinalState.cpp FixedNamesTable.cpp FontInfo.cpp Generalization.cpp GeneralizationPopup.cpp HWConnection.cpp HWConnectionText.cpp HardwareNode.cpp InitialState.cpp InterfacePort.cpp InterfacePortList.cpp InterfacePortPopup.cpp InterfacePortText.cpp JavaClassPropGeneral.cpp JavaCodeGenerator.cpp JavaMethodPropGeneral.cpp JavaVarPropGeneral.cpp Line.cpp LineList.cpp LineNode.cpp LineNodeList.cpp LinePopup.cpp Lines.cpp List.cpp ListNode.cpp MemberFunctionsOption.cpp MemberOptionDlg.cpp MemberPropDlg.cpp MessageFlow.cpp MessageFlowPopup.cpp MessageText.cpp MessageTextPopup.cpp MethodBodyDlg.cpp NodeFigure.cpp NodeFigureList.cpp Note.cpp NoteBoundary.cpp NoteText.cpp OOD.cpp ObjectPositionDlg.cpp ObjectText.cpp OneLineText.cpp PackageCommentDlg.cpp PackageLibrary.cpp PackagePopup.cpp PackagePropDlg.cpp PackagePropGeneral.cpp PackageTemplate.cpp PackageText.cpp Popup.cpp PropCommonDlg.cpp QualificationText.cpp QueryTextDlg.cpp RelationTraverseDlg.cpp RelationTraverseFrame.cpp RelationshipInfoTuple.cpp RelationshipInfoTupleList.cpp ResizeGlobalData.cpp RoundBoxA.cpp RoundBoxB.cpp ScreenCaptureDlg.cpp SequenceAsyncMessage.cpp SequenceLanePopup.cpp SequenceMainPopup.cpp SequenceMessageText.cpp SequenceObject.cpp SequenceObjectPopup.cpp SequenceReturnMessage.cpp SequenceSelfDelegation.cpp SequenceSyncMessage.cpp SimpleConnection.cpp SlaveryText.cpp SlaveryTextList.cpp State.cpp StateMainPopup.cpp StatePopup.cpp StateText.cpp StaticConnectionText.cpp SyncConditionText.cpp SynchronizationBar.cpp SynchronizationPopup.cpp SystemBoundary.cpp TabDlgWithName.cpp TemplateClassTag.cpp TemplateClassTagText.cpp Text.cpp TextContent.cpp TextLine.cpp TipBoard.cpp TipDialog.cpp Transition.cpp Triangle.cpp Trigger.cpp TriggerText.cpp TupleText.cpp TwoPointFigure.cpp UnsignedLong.cpp UseCase.cpp UseCaseExtendsLink.cpp UseCaseLink.cpp UseCaseMainPopup.cpp UseCaseText.cpp UseCaseUsesLink.cpp VCPPClassPropGeneral.cpp VCPPClassPropMaps.cpp VCPPCodeGenerator.cpp VCPPMapEditor.cpp VCPPMethodPropGeneral.cpp VCPPVarPropGeneral.cpp VTerm.cpp WidePackage.cpp WideState.cpp WideStateDlg.cpp XCoord.cpp YCoord.cpp ZoomComboBox.cpp
         ActivationBar.cpp
         ActivationBarList.cpp
         ActivationBarPopup.cpp
         Activity.cpp
         ActivityMainPopup.cpp
         ActivityText.cpp
         Actor.cpp
         ActorNameText.cpp
         Aggregation.cpp
         AggregationPopup.cpp
         Anchor.cpp
         AnchorList.cpp
         AnytionInfoTuple.cpp
         ArgumentInfo.cpp
         ArgumentList.cpp
         Association.cpp
         AssociationPopup.cpp
         BaseClassInitDlg.cpp
         BeginActivity.cpp
         Box.cpp
         코드를 생성하고 있습니다...
         컴파일하고 있습니다...
         Bucket.cpp
         CActivityFrm.cpp
         CActivityView.cpp
         CChildFrm.cpp
         CChooseDirDlg.cpp
         CClassDeleteDlg.cpp
         CClassFrm.cpp
         CClassMigrationDlg.cpp
         CClassView.cpp
         CCollaborationFrm.cpp
         CCollaborationView.cpp
         CDeploymentFrm.cpp
         CDeploymentView.cpp
         CITList.cpp
         CInPlaceFrame.cpp
         CMainFrame.cpp
         CNewDlg.cpp
         CNewWSDlg.cpp
         COODClassDoc.cpp
         COODCntrlItem.cpp
         코드를 생성하고 있습니다...
         컴파일하고 있습니다...
         COODCntrlItemList.cpp
         COODCommonDoc.cpp
         COODCommonFrm.cpp
         COODCommonView.cpp
         COODDoc.cpp
         COODSrvrItem.cpp
         COODView.cpp
         CObjectFrm.cpp
         CObjectView.cpp
         CPPClassPropGeneral.cpp
         CPPCodeGenerator.cpp
         CPPCommonCodeGenerator.cpp
         CPPMethodPropGeneral.cpp
         CPPVarPropGeneral.cpp
         CProjectOptionsCodeGen.cpp
         CProjectOptionsDlg.cpp
         CProjectOptionsGeneral.cpp
         CProjectOptionsMacros.cpp
         CProjectOptionsReverse.cpp
         CResizableControlBar.cpp
         코드를 생성하고 있습니다...
         컴파일하고 있습니다...
         CResizableDockBar.cpp
         CResizableDockContext.cpp
         CResizableDockState.cpp
         CResizableEditDoc.cpp
         CResizableEditView.cpp
         CResizableEditViewBar.cpp
         CResizableFloatWnd.cpp
         CResizableMDIFrameWnd.cpp
         CResizableMiniDockFrameWnd.cpp
         CResizableRectTracker.cpp
         CResizableTreeBar.cpp
         CResizeEditViewBarDocTemp.cpp
         CSelectDlg.cpp
         CSequenceFrm.cpp
         CSequenceView.cpp
         CSharpClassPropGeneral.cpp
         CSharpCodeGenerator.cpp
         CSharpMethodPropGeneral.cpp
         CSharpVarPropGeneral.cpp
         CSplitterRect.cpp
         코드를 생성하고 있습니다...
         컴파일하고 있습니다...
         CStateFrm.cpp
         CStateView.cpp
         CTextDoc.cpp
         CTextFrm.cpp
         CTextView.cpp
         CUseCaseFrm.cpp
         CUseCaseView.cpp
         CWndSpaceElt.cpp
         CaptureDlg.cpp
         Circle.cpp
         ClassContent.cpp
         ClassDocumentDlg.cpp
         ClassFigureLibrary.cpp
         ClassLibrary.cpp
         ClassMainPopup.cpp
         ClassMemberListView.cpp
         ClassOthersOption.cpp
         ClassPropDlg.cpp
         ClassTemplate.cpp
         ClassTemplatePopup.cpp
         코드를 생성하고 있습니다...
         컴파일하고 있습니다...
         ClassText.cpp
         ClassTextLine.cpp
         ClassTreeView.cpp
         CodeGenerator.cpp
         CollaborationMainPopup.cpp
         CollaborationMultiObject.cpp
         CollaborationObject.cpp
         CollaborationObjectMessageText.cpp
         CollaborationObjectPopup.cpp
         CommentDlg.cpp
         Communication.cpp
         ComponentTemplate.cpp
         ComponentText.cpp
         Connection.cpp
         ConnectionInfoTuple.cpp
         ConnectionList.cpp
         ConnectionPopup.cpp
         ConnectionText.cpp
         CustomToolBar.cpp
         DataMembersOption.cpp
         코드를 생성하고 있습니다...
         컴파일하고 있습니다...
         Dependency.cpp
         DependencyPopup.cpp
         DeploymentMainPopup.cpp
         Diamond.cpp
         EditPopup.cpp
         EditableFigure.cpp
         EndActivity.cpp
         Etc.cpp
         EventText.cpp
         ExcludeRect.cpp
         ExcludeRectList.cpp
         Figure.cpp
         FigureLibrary.cpp
         FigureList.cpp
         FinalState.cpp
         FixedNamesTable.cpp
         FontInfo.cpp
         Generalization.cpp
         GeneralizationPopup.cpp
         HWConnection.cpp
         코드를 생성하고 있습니다...
         컴파일하고 있습니다...
         HWConnectionText.cpp
         HardwareNode.cpp
         InitialState.cpp
         InterfacePort.cpp
         InterfacePortList.cpp
         InterfacePortPopup.cpp
         InterfacePortText.cpp
         JavaClassPropGeneral.cpp
         JavaCodeGenerator.cpp
         JavaMethodPropGeneral.cpp
         JavaVarPropGeneral.cpp
         Line.cpp
         LineList.cpp
         LineNode.cpp
         LineNodeList.cpp
         LinePopup.cpp
         Lines.cpp
         List.cpp
         ListNode.cpp
         MemberFunctionsOption.cpp
         코드를 생성하고 있습니다...
         컴파일하고 있습니다...
         MemberOptionDlg.cpp
         MemberPropDlg.cpp
         MessageFlow.cpp
         MessageFlowPopup.cpp
         MessageText.cpp
         MessageTextPopup.cpp
         MethodBodyDlg.cpp
         NodeFigure.cpp
         NodeFigureList.cpp
         Note.cpp
         NoteBoundary.cpp
         NoteText.cpp
         OOD.cpp
         ObjectPositionDlg.cpp
         ObjectText.cpp
         OneLineText.cpp
         PackageCommentDlg.cpp
         PackageLibrary.cpp
         PackagePopup.cpp
         PackagePropDlg.cpp
         코드를 생성하고 있습니다...
         컴파일하고 있습니다...
         PackagePropGeneral.cpp
         PackageTemplate.cpp
         PackageText.cpp
         Popup.cpp
         PropCommonDlg.cpp
         QualificationText.cpp
         QueryTextDlg.cpp
         RelationTraverseDlg.cpp
         RelationTraverseFrame.cpp
         RelationshipInfoTuple.cpp
         RelationshipInfoTupleList.cpp
         ResizeGlobalData.cpp
         RoundBoxA.cpp
         RoundBoxB.cpp
         ScreenCaptureDlg.cpp
         SequenceAsyncMessage.cpp
         SequenceLanePopup.cpp
         SequenceMainPopup.cpp
         SequenceMessageText.cpp
         SequenceObject.cpp
         코드를 생성하고 있습니다...
         컴파일하고 있습니다...
         SequenceObjectPopup.cpp
         SequenceReturnMessage.cpp
         SequenceSelfDelegation.cpp
         SequenceSyncMessage.cpp
         SimpleConnection.cpp
         SlaveryText.cpp
         SlaveryTextList.cpp
         State.cpp
         StateMainPopup.cpp
         StatePopup.cpp
         StateText.cpp
         StaticConnectionText.cpp
         SyncConditionText.cpp
         SynchronizationBar.cpp
         SynchronizationPopup.cpp
         SystemBoundary.cpp
         TabDlgWithName.cpp
         TemplateClassTag.cpp
         TemplateClassTagText.cpp
         Text.cpp
         코드를 생성하고 있습니다...
         컴파일하고 있습니다...
         TextContent.cpp
         TextLine.cpp
         TipBoard.cpp
         TipDialog.cpp
         Transition.cpp
         Triangle.cpp
         Trigger.cpp
         TriggerText.cpp
         TupleText.cpp
         TwoPointFigure.cpp
         UnsignedLong.cpp
         UseCase.cpp
         UseCaseExtendsLink.cpp
         UseCaseLink.cpp
         UseCaseMainPopup.cpp
         UseCaseText.cpp
         UseCaseUsesLink.cpp
         VCPPClassPropGeneral.cpp
         VCPPClassPropMaps.cpp
         VCPPCodeGenerator.cpp
         코드를 생성하고 있습니다...
         컴파일하고 있습니다...
         VCPPMapEditor.cpp
         VCPPMethodPropGeneral.cpp
         VCPPVarPropGeneral.cpp
         VTerm.cpp
         WidePackage.cpp
         WideState.cpp
         WideStateDlg.cpp
         XCoord.cpp
         YCoord.cpp
         ZoomComboBox.cpp
         코드를 생성하고 있습니다...
       Link:
         C:\Program Files\Microsoft Visual Studio 11.0\VC\bin\link.exe /ERRORREPORT:PROMPT /OUT:".\Release\OOD.exe" /INCREMENTAL:NO /NOLOGO winmm.lib /MANIFEST /MANIFESTUAC:"level='asInvoker' uiAccess='false'" /manifest:embed /manifestinput:"C:\Program Files\Microsoft Visual Studio 11.0\VC\Include\Manifest\dpiaware.manifest" /PDB:".\Release\OOD.pdb" /SUBSYSTEM:WINDOWS /TLBID:1 /DYNAMICBASE /NXCOMPAT /IMPLIB:".\Release\OOD.lib" /MACHINE:X86 /SAFESEH .\Release\OOD.res
         .\Release\ActivationBar.obj
         .\Release\ActivationBarList.obj
         .\Release\ActivationBarPopup.obj
         .\Release\Activity.obj
         .\Release\ActivityMainPopup.obj
         .\Release\ActivityText.obj
         .\Release\Actor.obj
         .\Release\ActorNameText.obj
         .\Release\Aggregation.obj
         .\Release\AggregationPopup.obj
         .\Release\Anchor.obj
         .\Release\AnchorList.obj
         .\Release\AnytionInfoTuple.obj
         .\Release\ArgumentInfo.obj
         .\Release\ArgumentList.obj
         .\Release\Association.obj
         .\Release\AssociationPopup.obj
         .\Release\BaseClassInitDlg.obj
         .\Release\BeginActivity.obj
         .\Release\Box.obj
         .\Release\Bucket.obj
         .\Release\CActivityFrm.obj
         .\Release\CActivityView.obj
         .\Release\CaptureDlg.obj
         .\Release\CChildFrm.obj
         .\Release\CChooseDirDlg.obj
         .\Release\CClassDeleteDlg.obj
         .\Release\CClassFrm.obj
         .\Release\CClassMigrationDlg.obj
         .\Release\CClassView.obj
         .\Release\CCollaborationFrm.obj
         .\Release\CCollaborationView.obj
         .\Release\CDeploymentFrm.obj
         .\Release\CDeploymentView.obj
         .\Release\CInPlaceFrame.obj
         .\Release\Circle.obj
         .\Release\CITList.obj
         .\Release\ClassContent.obj
         .\Release\ClassDocumentDlg.obj
         .\Release\ClassFigureLibrary.obj
         .\Release\ClassLibrary.obj
         .\Release\ClassMainPopup.obj
         .\Release\ClassMemberListView.obj
         .\Release\ClassOthersOption.obj
         .\Release\ClassPropDlg.obj
         .\Release\ClassTemplate.obj
         .\Release\ClassTemplatePopup.obj
         .\Release\ClassText.obj
         .\Release\ClassTextLine.obj
         .\Release\ClassTreeView.obj
         .\Release\CMainFrame.obj
         .\Release\CNewDlg.obj
         .\Release\CNewWSDlg.obj
         .\Release\CObjectFrm.obj
         .\Release\CObjectView.obj
         .\Release\CodeGenerator.obj
         .\Release\CollaborationMainPopup.obj
         .\Release\CollaborationMultiObject.obj
         .\Release\CollaborationObject.obj
         .\Release\CollaborationObjectMessageText.obj
         .\Release\CollaborationObjectPopup.obj
         .\Release\CommentDlg.obj
         .\Release\Communication.obj
         .\Release\ComponentTemplate.obj
         .\Release\ComponentText.obj
         .\Release\Connection.obj
         .\Release\ConnectionInfoTuple.obj
         .\Release\ConnectionList.obj
         .\Release\ConnectionPopup.obj
         .\Release\ConnectionText.obj
         .\Release\COODClassDoc.obj
         .\Release\COODCntrlItem.obj
         .\Release\COODCntrlItemList.obj
         .\Release\COODCommonDoc.obj
         .\Release\COODCommonFrm.obj
         .\Release\COODCommonView.obj
         .\Release\COODDoc.obj
         .\Release\COODSrvrItem.obj
         .\Release\COODView.obj
         .\Release\CPPClassPropGeneral.obj
         .\Release\CPPCodeGenerator.obj
         .\Release\CPPCommonCodeGenerator.obj
         .\Release\CPPMethodPropGeneral.obj
         .\Release\CPPVarPropGeneral.obj
         .\Release\CProjectOptionsCodeGen.obj
         .\Release\CProjectOptionsDlg.obj
         .\Release\CProjectOptionsGeneral.obj
         .\Release\CProjectOptionsMacros.obj
         .\Release\CProjectOptionsReverse.obj
         .\Release\CResizableControlBar.obj
         .\Release\CResizableDockBar.obj
         .\Release\CResizableDockContext.obj
         .\Release\CResizableDockState.obj
         .\Release\CResizableEditDoc.obj
         .\Release\CResizableEditView.obj
         .\Release\CResizableEditViewBar.obj
         .\Release\CResizableFloatWnd.obj
         .\Release\CResizableMDIFrameWnd.obj
         .\Release\CResizableMiniDockFrameWnd.obj
         .\Release\CResizableRectTracker.obj
         .\Release\CResizableTreeBar.obj
         .\Release\CResizeEditViewBarDocTemp.obj
         .\Release\CSelectDlg.obj
         .\Release\CSequenceFrm.obj
         .\Release\CSequenceView.obj
         .\Release\CSharpClassPropGeneral.obj
         .\Release\CSharpCodeGenerator.obj
         .\Release\CSharpMethodPropGeneral.obj
         .\Release\CSharpVarPropGeneral.obj
         .\Release\CSplitterRect.obj
         .\Release\CStateFrm.obj
         .\Release\CStateView.obj
         .\Release\CTextDoc.obj
         .\Release\CTextFrm.obj
         .\Release\CTextView.obj
         .\Release\CUseCaseFrm.obj
         .\Release\CUseCaseView.obj
         .\Release\CustomToolBar.obj
         .\Release\CWndSpaceElt.obj
         .\Release\DataMembersOption.obj
         .\Release\Dependency.obj
         .\Release\DependencyPopup.obj
         .\Release\DeploymentMainPopup.obj
         .\Release\Diamond.obj
         .\Release\EditableFigure.obj
         .\Release\EditPopup.obj
         .\Release\EndActivity.obj
         .\Release\Etc.obj
         .\Release\EventText.obj
         .\Release\ExcludeRect.obj
         .\Release\ExcludeRectList.obj
         .\Release\Figure.obj
         .\Release\FigureLibrary.obj
         .\Release\FigureList.obj
         .\Release\FinalState.obj
         .\Release\FixedNamesTable.obj
         .\Release\FontInfo.obj
         .\Release\Generalization.obj
         .\Release\GeneralizationPopup.obj
         .\Release\HardwareNode.obj
         .\Release\HWConnection.obj
         .\Release\HWConnectionText.obj
         .\Release\InitialState.obj
         .\Release\InterfacePort.obj
         .\Release\InterfacePortList.obj
         .\Release\InterfacePortPopup.obj
         .\Release\InterfacePortText.obj
         .\Release\JavaClassPropGeneral.obj
         .\Release\JavaCodeGenerator.obj
         .\Release\JavaMethodPropGeneral.obj
         .\Release\JavaVarPropGeneral.obj
         .\Release\Line.obj
         .\Release\LineList.obj
         .\Release\LineNode.obj
         .\Release\LineNodeList.obj
         .\Release\LinePopup.obj
         .\Release\Lines.obj
         .\Release\List.obj
         .\Release\ListNode.obj
         .\Release\MemberFunctionsOption.obj
         .\Release\MemberOptionDlg.obj
         .\Release\MemberPropDlg.obj
         .\Release\MessageFlow.obj
         .\Release\MessageFlowPopup.obj
         .\Release\MessageText.obj
         .\Release\MessageTextPopup.obj
         .\Release\MethodBodyDlg.obj
         .\Release\NodeFigure.obj
         .\Release\NodeFigureList.obj
         .\Release\Note.obj
         .\Release\NoteBoundary.obj
         .\Release\NoteText.obj
         .\Release\ObjectPositionDlg.obj
         .\Release\ObjectText.obj
         .\Release\OneLineText.obj
         .\Release\OOD.obj
         .\Release\PackageCommentDlg.obj
         .\Release\PackageLibrary.obj
         .\Release\PackagePopup.obj
         .\Release\PackagePropDlg.obj
         .\Release\PackagePropGeneral.obj
         .\Release\PackageTemplate.obj
         .\Release\PackageText.obj
         .\Release\Popup.obj
         .\Release\PropCommonDlg.obj
         .\Release\QualificationText.obj
         .\Release\QueryTextDlg.obj
         .\Release\RelationshipInfoTuple.obj
         .\Release\RelationshipInfoTupleList.obj
         .\Release\RelationTraverseDlg.obj
         .\Release\RelationTraverseFrame.obj
         .\Release\ResizeGlobalData.obj
         .\Release\RoundBoxA.obj
         .\Release\RoundBoxB.obj
         .\Release\ScreenCaptureDlg.obj
         .\Release\SequenceAsyncMessage.obj
         .\Release\SequenceLanePopup.obj
         .\Release\SequenceMainPopup.obj
         .\Release\SequenceMessageText.obj
         .\Release\SequenceObject.obj
         .\Release\SequenceObjectPopup.obj
         .\Release\SequenceReturnMessage.obj
         .\Release\SequenceSelfDelegation.obj
         .\Release\SequenceSyncMessage.obj
         .\Release\SimpleConnection.obj
         .\Release\SlaveryText.obj
         .\Release\SlaveryTextList.obj
         .\Release\State.obj
         .\Release\StateMainPopup.obj
         .\Release\StatePopup.obj
         .\Release\StateText.obj
         .\Release\StaticConnectionText.obj
         .\Release\StdAfx.obj
         .\Release\SyncConditionText.obj
         .\Release\SynchronizationBar.obj
         .\Release\SynchronizationPopup.obj
         .\Release\SystemBoundary.obj
         .\Release\TabDlgWithName.obj
         .\Release\TemplateClassTag.obj
         .\Release\TemplateClassTagText.obj
         .\Release\Text.obj
         .\Release\TextContent.obj
         .\Release\TextLine.obj
         .\Release\TipBoard.obj
         .\Release\TipDialog.obj
         .\Release\Transition.obj
         .\Release\Triangle.obj
         .\Release\Trigger.obj
         .\Release\TriggerText.obj
         .\Release\TupleText.obj
         .\Release\TwoPointFigure.obj
         .\Release\UnsignedLong.obj
         .\Release\UseCase.obj
         .\Release\UseCaseExtendsLink.obj
         .\Release\UseCaseLink.obj
         .\Release\UseCaseMainPopup.obj
         .\Release\UseCaseText.obj
         .\Release\UseCaseUsesLink.obj
         .\Release\VCPPClassPropGeneral.obj
         .\Release\VCPPClassPropMaps.obj
         .\Release\VCPPCodeGenerator.obj
         .\Release\VCPPMapEditor.obj
         .\Release\VCPPMethodPropGeneral.obj
         .\Release\VCPPVarPropGeneral.obj
         .\Release\VTerm.obj
         .\Release\WidePackage.obj
         .\Release\WideState.obj
         .\Release\WideStateDlg.obj
         .\Release\XCoord.obj
         .\Release\YCoord.obj
         .\Release\ZoomComboBox.obj
         OOD.vcxproj -> C:\Users\ktg\Desktop\ood\.\Release\OOD.exe
     1>"C:\Users\ktg\Desktop\ood\OOD.vcxproj" 프로젝트를 빌드했습니다(Build 대상).

빌드했습니다.

경과 시간: 00:00:29.15
