C:\USERS\KTG\DESKTOP\OOD\RELEASE\OOD.PCH
C:\USERS\KTG\DESKTOP\OOD\RELEASE\STDAFX.OBJ
C:\USERS\KTG\DESKTOP\OOD\RELEASE\VC110.PDB
C:\USERS\KTG\DESKTOP\OOD\RELEASE\BOX.OBJ
C:\USERS\KTG\DESKTOP\OOD\RELEASE\BEGINACTIVITY.OBJ
C:\USERS\KTG\DESKTOP\OOD\RELEASE\BASECLASSINITDLG.OBJ
C:\USERS\KTG\DESKTOP\OOD\RELEASE\ASSOCIATIONPOPUP.OBJ
C:\USERS\KTG\DESKTOP\OOD\RELEASE\ASSOCIATION.OBJ
C:\USERS\KTG\DESKTOP\OOD\RELEASE\ARGUMENTLIST.OBJ
C:\USERS\KTG\DESKTOP\OOD\RELEASE\ARGUMENTINFO.OBJ
C:\USERS\KTG\DESKTOP\OOD\RELEASE\ANYTIONINFOTUPLE.OBJ
C:\USERS\KTG\DESKTOP\OOD\RELEASE\ANCHORLIST.OBJ
C:\USERS\KTG\DESKTOP\OOD\RELEASE\ANCHOR.OBJ
C:\USERS\KTG\DESKTOP\OOD\RELEASE\AGGREGATIONPOPUP.OBJ
C:\USERS\KTG\DESKTOP\OOD\RELEASE\AGGREGATION.OBJ
C:\USERS\KTG\DESKTOP\OOD\RELEASE\ACTORNAMETEXT.OBJ
C:\USERS\KTG\DESKTOP\OOD\RELEASE\ACTOR.OBJ
C:\USERS\KTG\DESKTOP\OOD\RELEASE\ACTIVITYTEXT.OBJ
C:\USERS\KTG\DESKTOP\OOD\RELEASE\ACTIVITYMAINPOPUP.OBJ
C:\USERS\KTG\DESKTOP\OOD\RELEASE\ACTIVITY.OBJ
C:\USERS\KTG\DESKTOP\OOD\RELEASE\ACTIVATIONBARPOPUP.OBJ
C:\USERS\KTG\DESKTOP\OOD\RELEASE\ACTIVATIONBARLIST.OBJ
C:\USERS\KTG\DESKTOP\OOD\RELEASE\ACTIVATIONBAR.OBJ
C:\USERS\KTG\DESKTOP\OOD\RELEASE\COODCNTRLITEM.OBJ
C:\USERS\KTG\DESKTOP\OOD\RELEASE\COODCLASSDOC.OBJ
C:\USERS\KTG\DESKTOP\OOD\RELEASE\CNEWWSDLG.OBJ
C:\USERS\KTG\DESKTOP\OOD\RELEASE\CNEWDLG.OBJ
C:\USERS\KTG\DESKTOP\OOD\RELEASE\CMAINFRAME.OBJ
C:\USERS\KTG\DESKTOP\OOD\RELEASE\CINPLACEFRAME.OBJ
C:\USERS\KTG\DESKTOP\OOD\RELEASE\CITLIST.OBJ
C:\USERS\KTG\DESKTOP\OOD\RELEASE\CDEPLOYMENTVIEW.OBJ
C:\USERS\KTG\DESKTOP\OOD\RELEASE\CDEPLOYMENTFRM.OBJ
C:\USERS\KTG\DESKTOP\OOD\RELEASE\CCOLLABORATIONVIEW.OBJ
C:\USERS\KTG\DESKTOP\OOD\RELEASE\CCOLLABORATIONFRM.OBJ
C:\USERS\KTG\DESKTOP\OOD\RELEASE\CCLASSVIEW.OBJ
C:\USERS\KTG\DESKTOP\OOD\RELEASE\CCLASSMIGRATIONDLG.OBJ
C:\USERS\KTG\DESKTOP\OOD\RELEASE\CCLASSFRM.OBJ
C:\USERS\KTG\DESKTOP\OOD\RELEASE\CCLASSDELETEDLG.OBJ
C:\USERS\KTG\DESKTOP\OOD\RELEASE\CCHOOSEDIRDLG.OBJ
C:\USERS\KTG\DESKTOP\OOD\RELEASE\CCHILDFRM.OBJ
C:\USERS\KTG\DESKTOP\OOD\RELEASE\CACTIVITYVIEW.OBJ
C:\USERS\KTG\DESKTOP\OOD\RELEASE\CACTIVITYFRM.OBJ
C:\USERS\KTG\DESKTOP\OOD\RELEASE\BUCKET.OBJ
C:\USERS\KTG\DESKTOP\OOD\RELEASE\CRESIZABLECONTROLBAR.OBJ
C:\USERS\KTG\DESKTOP\OOD\RELEASE\CPROJECTOPTIONSREVERSE.OBJ
C:\USERS\KTG\DESKTOP\OOD\RELEASE\CPROJECTOPTIONSMACROS.OBJ
C:\USERS\KTG\DESKTOP\OOD\RELEASE\CPROJECTOPTIONSGENERAL.OBJ
C:\USERS\KTG\DESKTOP\OOD\RELEASE\CPROJECTOPTIONSDLG.OBJ
C:\USERS\KTG\DESKTOP\OOD\RELEASE\CPROJECTOPTIONSCODEGEN.OBJ
C:\USERS\KTG\DESKTOP\OOD\RELEASE\CPPVARPROPGENERAL.OBJ
C:\USERS\KTG\DESKTOP\OOD\RELEASE\CPPMETHODPROPGENERAL.OBJ
C:\USERS\KTG\DESKTOP\OOD\RELEASE\CPPCOMMONCODEGENERATOR.OBJ
C:\USERS\KTG\DESKTOP\OOD\RELEASE\CPPCODEGENERATOR.OBJ
C:\USERS\KTG\DESKTOP\OOD\RELEASE\CPPCLASSPROPGENERAL.OBJ
C:\USERS\KTG\DESKTOP\OOD\RELEASE\COBJECTVIEW.OBJ
C:\USERS\KTG\DESKTOP\OOD\RELEASE\COBJECTFRM.OBJ
C:\USERS\KTG\DESKTOP\OOD\RELEASE\COODVIEW.OBJ
C:\USERS\KTG\DESKTOP\OOD\RELEASE\COODSRVRITEM.OBJ
C:\USERS\KTG\DESKTOP\OOD\RELEASE\COODDOC.OBJ
C:\USERS\KTG\DESKTOP\OOD\RELEASE\COODCOMMONVIEW.OBJ
C:\USERS\KTG\DESKTOP\OOD\RELEASE\COODCOMMONFRM.OBJ
C:\USERS\KTG\DESKTOP\OOD\RELEASE\COODCOMMONDOC.OBJ
C:\USERS\KTG\DESKTOP\OOD\RELEASE\COODCNTRLITEMLIST.OBJ
C:\USERS\KTG\DESKTOP\OOD\RELEASE\CSPLITTERRECT.OBJ
C:\USERS\KTG\DESKTOP\OOD\RELEASE\CSHARPVARPROPGENERAL.OBJ
C:\USERS\KTG\DESKTOP\OOD\RELEASE\CSHARPMETHODPROPGENERAL.OBJ
C:\USERS\KTG\DESKTOP\OOD\RELEASE\CSHARPCODEGENERATOR.OBJ
C:\USERS\KTG\DESKTOP\OOD\RELEASE\CSHARPCLASSPROPGENERAL.OBJ
C:\USERS\KTG\DESKTOP\OOD\RELEASE\CSEQUENCEVIEW.OBJ
C:\USERS\KTG\DESKTOP\OOD\RELEASE\CSEQUENCEFRM.OBJ
C:\USERS\KTG\DESKTOP\OOD\RELEASE\CSELECTDLG.OBJ
C:\USERS\KTG\DESKTOP\OOD\RELEASE\CRESIZEEDITVIEWBARDOCTEMP.OBJ
C:\USERS\KTG\DESKTOP\OOD\RELEASE\CRESIZABLETREEBAR.OBJ
C:\USERS\KTG\DESKTOP\OOD\RELEASE\CRESIZABLERECTTRACKER.OBJ
C:\USERS\KTG\DESKTOP\OOD\RELEASE\CRESIZABLEMINIDOCKFRAMEWND.OBJ
C:\USERS\KTG\DESKTOP\OOD\RELEASE\CRESIZABLEMDIFRAMEWND.OBJ
C:\USERS\KTG\DESKTOP\OOD\RELEASE\CRESIZABLEFLOATWND.OBJ
C:\USERS\KTG\DESKTOP\OOD\RELEASE\CRESIZABLEEDITVIEWBAR.OBJ
C:\USERS\KTG\DESKTOP\OOD\RELEASE\CRESIZABLEEDITVIEW.OBJ
C:\USERS\KTG\DESKTOP\OOD\RELEASE\CRESIZABLEEDITDOC.OBJ
C:\USERS\KTG\DESKTOP\OOD\RELEASE\CRESIZABLEDOCKSTATE.OBJ
C:\USERS\KTG\DESKTOP\OOD\RELEASE\CRESIZABLEDOCKCONTEXT.OBJ
C:\USERS\KTG\DESKTOP\OOD\RELEASE\CRESIZABLEDOCKBAR.OBJ
C:\USERS\KTG\DESKTOP\OOD\RELEASE\CLASSTEMPLATEPOPUP.OBJ
C:\USERS\KTG\DESKTOP\OOD\RELEASE\CLASSTEMPLATE.OBJ
C:\USERS\KTG\DESKTOP\OOD\RELEASE\CLASSPROPDLG.OBJ
C:\USERS\KTG\DESKTOP\OOD\RELEASE\CLASSOTHERSOPTION.OBJ
C:\USERS\KTG\DESKTOP\OOD\RELEASE\CLASSMEMBERLISTVIEW.OBJ
C:\USERS\KTG\DESKTOP\OOD\RELEASE\CLASSMAINPOPUP.OBJ
C:\USERS\KTG\DESKTOP\OOD\RELEASE\CLASSLIBRARY.OBJ
C:\USERS\KTG\DESKTOP\OOD\RELEASE\CLASSFIGURELIBRARY.OBJ
C:\USERS\KTG\DESKTOP\OOD\RELEASE\CLASSDOCUMENTDLG.OBJ
C:\USERS\KTG\DESKTOP\OOD\RELEASE\CLASSCONTENT.OBJ
C:\USERS\KTG\DESKTOP\OOD\RELEASE\CIRCLE.OBJ
C:\USERS\KTG\DESKTOP\OOD\RELEASE\CAPTUREDLG.OBJ
C:\USERS\KTG\DESKTOP\OOD\RELEASE\CWNDSPACEELT.OBJ
C:\USERS\KTG\DESKTOP\OOD\RELEASE\CUSECASEVIEW.OBJ
C:\USERS\KTG\DESKTOP\OOD\RELEASE\CUSECASEFRM.OBJ
C:\USERS\KTG\DESKTOP\OOD\RELEASE\CTEXTVIEW.OBJ
C:\USERS\KTG\DESKTOP\OOD\RELEASE\CTEXTFRM.OBJ
C:\USERS\KTG\DESKTOP\OOD\RELEASE\CTEXTDOC.OBJ
C:\USERS\KTG\DESKTOP\OOD\RELEASE\CSTATEVIEW.OBJ
C:\USERS\KTG\DESKTOP\OOD\RELEASE\CSTATEFRM.OBJ
C:\USERS\KTG\DESKTOP\OOD\RELEASE\DATAMEMBERSOPTION.OBJ
C:\USERS\KTG\DESKTOP\OOD\RELEASE\CUSTOMTOOLBAR.OBJ
C:\USERS\KTG\DESKTOP\OOD\RELEASE\CONNECTIONTEXT.OBJ
C:\USERS\KTG\DESKTOP\OOD\RELEASE\CONNECTIONPOPUP.OBJ
C:\USERS\KTG\DESKTOP\OOD\RELEASE\CONNECTIONLIST.OBJ
C:\USERS\KTG\DESKTOP\OOD\RELEASE\CONNECTIONINFOTUPLE.OBJ
C:\USERS\KTG\DESKTOP\OOD\RELEASE\CONNECTION.OBJ
C:\USERS\KTG\DESKTOP\OOD\RELEASE\COMPONENTTEXT.OBJ
C:\USERS\KTG\DESKTOP\OOD\RELEASE\COMPONENTTEMPLATE.OBJ
C:\USERS\KTG\DESKTOP\OOD\RELEASE\COMMUNICATION.OBJ
C:\USERS\KTG\DESKTOP\OOD\RELEASE\COMMENTDLG.OBJ
C:\USERS\KTG\DESKTOP\OOD\RELEASE\COLLABORATIONOBJECTPOPUP.OBJ
C:\USERS\KTG\DESKTOP\OOD\RELEASE\COLLABORATIONOBJECTMESSAGETEXT.OBJ
C:\USERS\KTG\DESKTOP\OOD\RELEASE\COLLABORATIONOBJECT.OBJ
C:\USERS\KTG\DESKTOP\OOD\RELEASE\COLLABORATIONMULTIOBJECT.OBJ
C:\USERS\KTG\DESKTOP\OOD\RELEASE\COLLABORATIONMAINPOPUP.OBJ
C:\USERS\KTG\DESKTOP\OOD\RELEASE\CODEGENERATOR.OBJ
C:\USERS\KTG\DESKTOP\OOD\RELEASE\CLASSTREEVIEW.OBJ
C:\USERS\KTG\DESKTOP\OOD\RELEASE\CLASSTEXTLINE.OBJ
C:\USERS\KTG\DESKTOP\OOD\RELEASE\CLASSTEXT.OBJ
C:\USERS\KTG\DESKTOP\OOD\RELEASE\HWCONNECTION.OBJ
C:\USERS\KTG\DESKTOP\OOD\RELEASE\GENERALIZATIONPOPUP.OBJ
C:\USERS\KTG\DESKTOP\OOD\RELEASE\GENERALIZATION.OBJ
C:\USERS\KTG\DESKTOP\OOD\RELEASE\FONTINFO.OBJ
C:\USERS\KTG\DESKTOP\OOD\RELEASE\FIXEDNAMESTABLE.OBJ
C:\USERS\KTG\DESKTOP\OOD\RELEASE\FINALSTATE.OBJ
C:\USERS\KTG\DESKTOP\OOD\RELEASE\FIGURELIST.OBJ
C:\USERS\KTG\DESKTOP\OOD\RELEASE\FIGURELIBRARY.OBJ
C:\USERS\KTG\DESKTOP\OOD\RELEASE\FIGURE.OBJ
C:\USERS\KTG\DESKTOP\OOD\RELEASE\EXCLUDERECTLIST.OBJ
C:\USERS\KTG\DESKTOP\OOD\RELEASE\EXCLUDERECT.OBJ
C:\USERS\KTG\DESKTOP\OOD\RELEASE\EVENTTEXT.OBJ
C:\USERS\KTG\DESKTOP\OOD\RELEASE\ETC.OBJ
C:\USERS\KTG\DESKTOP\OOD\RELEASE\ENDACTIVITY.OBJ
C:\USERS\KTG\DESKTOP\OOD\RELEASE\EDITABLEFIGURE.OBJ
C:\USERS\KTG\DESKTOP\OOD\RELEASE\EDITPOPUP.OBJ
C:\USERS\KTG\DESKTOP\OOD\RELEASE\DIAMOND.OBJ
C:\USERS\KTG\DESKTOP\OOD\RELEASE\DEPLOYMENTMAINPOPUP.OBJ
C:\USERS\KTG\DESKTOP\OOD\RELEASE\DEPENDENCYPOPUP.OBJ
C:\USERS\KTG\DESKTOP\OOD\RELEASE\DEPENDENCY.OBJ
C:\USERS\KTG\DESKTOP\OOD\RELEASE\MEMBERFUNCTIONSOPTION.OBJ
C:\USERS\KTG\DESKTOP\OOD\RELEASE\LISTNODE.OBJ
C:\USERS\KTG\DESKTOP\OOD\RELEASE\LIST.OBJ
C:\USERS\KTG\DESKTOP\OOD\RELEASE\LINES.OBJ
C:\USERS\KTG\DESKTOP\OOD\RELEASE\LINEPOPUP.OBJ
C:\USERS\KTG\DESKTOP\OOD\RELEASE\LINENODELIST.OBJ
C:\USERS\KTG\DESKTOP\OOD\RELEASE\LINENODE.OBJ
C:\USERS\KTG\DESKTOP\OOD\RELEASE\LINELIST.OBJ
C:\USERS\KTG\DESKTOP\OOD\RELEASE\LINE.OBJ
C:\USERS\KTG\DESKTOP\OOD\RELEASE\JAVAVARPROPGENERAL.OBJ
C:\USERS\KTG\DESKTOP\OOD\RELEASE\JAVAMETHODPROPGENERAL.OBJ
C:\USERS\KTG\DESKTOP\OOD\RELEASE\JAVACODEGENERATOR.OBJ
C:\USERS\KTG\DESKTOP\OOD\RELEASE\JAVACLASSPROPGENERAL.OBJ
C:\USERS\KTG\DESKTOP\OOD\RELEASE\INTERFACEPORTTEXT.OBJ
C:\USERS\KTG\DESKTOP\OOD\RELEASE\INTERFACEPORTPOPUP.OBJ
C:\USERS\KTG\DESKTOP\OOD\RELEASE\INTERFACEPORTLIST.OBJ
C:\USERS\KTG\DESKTOP\OOD\RELEASE\INTERFACEPORT.OBJ
C:\USERS\KTG\DESKTOP\OOD\RELEASE\INITIALSTATE.OBJ
C:\USERS\KTG\DESKTOP\OOD\RELEASE\HARDWARENODE.OBJ
C:\USERS\KTG\DESKTOP\OOD\RELEASE\HWCONNECTIONTEXT.OBJ
C:\USERS\KTG\DESKTOP\OOD\RELEASE\PACKAGEPROPDLG.OBJ
C:\USERS\KTG\DESKTOP\OOD\RELEASE\PACKAGEPOPUP.OBJ
C:\USERS\KTG\DESKTOP\OOD\RELEASE\PACKAGELIBRARY.OBJ
C:\USERS\KTG\DESKTOP\OOD\RELEASE\PACKAGECOMMENTDLG.OBJ
C:\USERS\KTG\DESKTOP\OOD\RELEASE\ONELINETEXT.OBJ
C:\USERS\KTG\DESKTOP\OOD\RELEASE\OBJECTTEXT.OBJ
C:\USERS\KTG\DESKTOP\OOD\RELEASE\OBJECTPOSITIONDLG.OBJ
C:\USERS\KTG\DESKTOP\OOD\RELEASE\OOD.OBJ
C:\USERS\KTG\DESKTOP\OOD\RELEASE\NOTETEXT.OBJ
C:\USERS\KTG\DESKTOP\OOD\RELEASE\NOTEBOUNDARY.OBJ
C:\USERS\KTG\DESKTOP\OOD\RELEASE\NOTE.OBJ
C:\USERS\KTG\DESKTOP\OOD\RELEASE\NODEFIGURELIST.OBJ
C:\USERS\KTG\DESKTOP\OOD\RELEASE\NODEFIGURE.OBJ
C:\USERS\KTG\DESKTOP\OOD\RELEASE\METHODBODYDLG.OBJ
C:\USERS\KTG\DESKTOP\OOD\RELEASE\MESSAGETEXTPOPUP.OBJ
C:\USERS\KTG\DESKTOP\OOD\RELEASE\MESSAGETEXT.OBJ
C:\USERS\KTG\DESKTOP\OOD\RELEASE\MESSAGEFLOWPOPUP.OBJ
C:\USERS\KTG\DESKTOP\OOD\RELEASE\MESSAGEFLOW.OBJ
C:\USERS\KTG\DESKTOP\OOD\RELEASE\MEMBERPROPDLG.OBJ
C:\USERS\KTG\DESKTOP\OOD\RELEASE\MEMBEROPTIONDLG.OBJ
C:\USERS\KTG\DESKTOP\OOD\RELEASE\SEQUENCEOBJECT.OBJ
C:\USERS\KTG\DESKTOP\OOD\RELEASE\SEQUENCEMESSAGETEXT.OBJ
C:\USERS\KTG\DESKTOP\OOD\RELEASE\SEQUENCEMAINPOPUP.OBJ
C:\USERS\KTG\DESKTOP\OOD\RELEASE\SEQUENCELANEPOPUP.OBJ
C:\USERS\KTG\DESKTOP\OOD\RELEASE\SEQUENCEASYNCMESSAGE.OBJ
C:\USERS\KTG\DESKTOP\OOD\RELEASE\SCREENCAPTUREDLG.OBJ
C:\USERS\KTG\DESKTOP\OOD\RELEASE\ROUNDBOXB.OBJ
C:\USERS\KTG\DESKTOP\OOD\RELEASE\ROUNDBOXA.OBJ
C:\USERS\KTG\DESKTOP\OOD\RELEASE\RESIZEGLOBALDATA.OBJ
C:\USERS\KTG\DESKTOP\OOD\RELEASE\RELATIONSHIPINFOTUPLELIST.OBJ
C:\USERS\KTG\DESKTOP\OOD\RELEASE\RELATIONSHIPINFOTUPLE.OBJ
C:\USERS\KTG\DESKTOP\OOD\RELEASE\RELATIONTRAVERSEFRAME.OBJ
C:\USERS\KTG\DESKTOP\OOD\RELEASE\RELATIONTRAVERSEDLG.OBJ
C:\USERS\KTG\DESKTOP\OOD\RELEASE\QUERYTEXTDLG.OBJ
C:\USERS\KTG\DESKTOP\OOD\RELEASE\QUALIFICATIONTEXT.OBJ
C:\USERS\KTG\DESKTOP\OOD\RELEASE\PROPCOMMONDLG.OBJ
C:\USERS\KTG\DESKTOP\OOD\RELEASE\POPUP.OBJ
C:\USERS\KTG\DESKTOP\OOD\RELEASE\PACKAGETEXT.OBJ
C:\USERS\KTG\DESKTOP\OOD\RELEASE\PACKAGETEMPLATE.OBJ
C:\USERS\KTG\DESKTOP\OOD\RELEASE\PACKAGEPROPGENERAL.OBJ
C:\USERS\KTG\DESKTOP\OOD\RELEASE\TEXT.OBJ
C:\USERS\KTG\DESKTOP\OOD\RELEASE\TEMPLATECLASSTAGTEXT.OBJ
C:\USERS\KTG\DESKTOP\OOD\RELEASE\TEMPLATECLASSTAG.OBJ
C:\USERS\KTG\DESKTOP\OOD\RELEASE\TABDLGWITHNAME.OBJ
C:\USERS\KTG\DESKTOP\OOD\RELEASE\SYSTEMBOUNDARY.OBJ
C:\USERS\KTG\DESKTOP\OOD\RELEASE\SYNCHRONIZATIONPOPUP.OBJ
C:\USERS\KTG\DESKTOP\OOD\RELEASE\SYNCHRONIZATIONBAR.OBJ
C:\USERS\KTG\DESKTOP\OOD\RELEASE\SYNCCONDITIONTEXT.OBJ
C:\USERS\KTG\DESKTOP\OOD\RELEASE\STATICCONNECTIONTEXT.OBJ
C:\USERS\KTG\DESKTOP\OOD\RELEASE\STATETEXT.OBJ
C:\USERS\KTG\DESKTOP\OOD\RELEASE\STATEPOPUP.OBJ
C:\USERS\KTG\DESKTOP\OOD\RELEASE\STATEMAINPOPUP.OBJ
C:\USERS\KTG\DESKTOP\OOD\RELEASE\STATE.OBJ
C:\USERS\KTG\DESKTOP\OOD\RELEASE\SLAVERYTEXTLIST.OBJ
C:\USERS\KTG\DESKTOP\OOD\RELEASE\SLAVERYTEXT.OBJ
C:\USERS\KTG\DESKTOP\OOD\RELEASE\SIMPLECONNECTION.OBJ
C:\USERS\KTG\DESKTOP\OOD\RELEASE\SEQUENCESYNCMESSAGE.OBJ
C:\USERS\KTG\DESKTOP\OOD\RELEASE\SEQUENCESELFDELEGATION.OBJ
C:\USERS\KTG\DESKTOP\OOD\RELEASE\SEQUENCERETURNMESSAGE.OBJ
C:\USERS\KTG\DESKTOP\OOD\RELEASE\SEQUENCEOBJECTPOPUP.OBJ
C:\USERS\KTG\DESKTOP\OOD\RELEASE\VCPPCODEGENERATOR.OBJ
C:\USERS\KTG\DESKTOP\OOD\RELEASE\VCPPCLASSPROPMAPS.OBJ
C:\USERS\KTG\DESKTOP\OOD\RELEASE\VCPPCLASSPROPGENERAL.OBJ
C:\USERS\KTG\DESKTOP\OOD\RELEASE\USECASEUSESLINK.OBJ
C:\USERS\KTG\DESKTOP\OOD\RELEASE\USECASETEXT.OBJ
C:\USERS\KTG\DESKTOP\OOD\RELEASE\USECASEMAINPOPUP.OBJ
C:\USERS\KTG\DESKTOP\OOD\RELEASE\USECASELINK.OBJ
C:\USERS\KTG\DESKTOP\OOD\RELEASE\USECASEEXTENDSLINK.OBJ
C:\USERS\KTG\DESKTOP\OOD\RELEASE\USECASE.OBJ
C:\USERS\KTG\DESKTOP\OOD\RELEASE\UNSIGNEDLONG.OBJ
C:\USERS\KTG\DESKTOP\OOD\RELEASE\TWOPOINTFIGURE.OBJ
C:\USERS\KTG\DESKTOP\OOD\RELEASE\TUPLETEXT.OBJ
C:\USERS\KTG\DESKTOP\OOD\RELEASE\TRIGGERTEXT.OBJ
C:\USERS\KTG\DESKTOP\OOD\RELEASE\TRIGGER.OBJ
C:\USERS\KTG\DESKTOP\OOD\RELEASE\TRIANGLE.OBJ
C:\USERS\KTG\DESKTOP\OOD\RELEASE\TRANSITION.OBJ
C:\USERS\KTG\DESKTOP\OOD\RELEASE\TIPDIALOG.OBJ
C:\USERS\KTG\DESKTOP\OOD\RELEASE\TIPBOARD.OBJ
C:\USERS\KTG\DESKTOP\OOD\RELEASE\TEXTLINE.OBJ
C:\USERS\KTG\DESKTOP\OOD\RELEASE\TEXTCONTENT.OBJ
C:\USERS\KTG\DESKTOP\OOD\RELEASE\ZOOMCOMBOBOX.OBJ
C:\USERS\KTG\DESKTOP\OOD\RELEASE\YCOORD.OBJ
C:\USERS\KTG\DESKTOP\OOD\RELEASE\XCOORD.OBJ
C:\USERS\KTG\DESKTOP\OOD\RELEASE\WIDESTATEDLG.OBJ
C:\USERS\KTG\DESKTOP\OOD\RELEASE\WIDESTATE.OBJ
C:\USERS\KTG\DESKTOP\OOD\RELEASE\WIDEPACKAGE.OBJ
C:\USERS\KTG\DESKTOP\OOD\RELEASE\VTERM.OBJ
C:\USERS\KTG\DESKTOP\OOD\RELEASE\VCPPVARPROPGENERAL.OBJ
C:\USERS\KTG\DESKTOP\OOD\RELEASE\VCPPMETHODPROPGENERAL.OBJ
C:\USERS\KTG\DESKTOP\OOD\RELEASE\VCPPMAPEDITOR.OBJ
C:\USERS\KTG\DESKTOP\OOD\RELEASE\OOD.EXE
C:\USERS\KTG\DESKTOP\OOD\RELEASE\OOD.RES
C:\Users\ktg\Desktop\ood\Release\ActivationBar.obj
C:\Users\ktg\Desktop\ood\Release\ActivationBarList.obj
C:\Users\ktg\Desktop\ood\Release\ActivationBarPopup.obj
C:\Users\ktg\Desktop\ood\Release\Activity.obj
C:\Users\ktg\Desktop\ood\Release\ActivityMainPopup.obj
C:\Users\ktg\Desktop\ood\Release\ActivityText.obj
C:\Users\ktg\Desktop\ood\Release\Actor.obj
C:\Users\ktg\Desktop\ood\Release\ActorNameText.obj
C:\Users\ktg\Desktop\ood\Release\Aggregation.obj
C:\Users\ktg\Desktop\ood\Release\AggregationPopup.obj
C:\Users\ktg\Desktop\ood\Release\Anchor.obj
C:\Users\ktg\Desktop\ood\Release\AnchorList.obj
C:\Users\ktg\Desktop\ood\Release\AnytionInfoTuple.obj
C:\Users\ktg\Desktop\ood\Release\ArgumentInfo.obj
C:\Users\ktg\Desktop\ood\Release\ArgumentList.obj
C:\Users\ktg\Desktop\ood\Release\Association.obj
C:\Users\ktg\Desktop\ood\Release\AssociationPopup.obj
C:\Users\ktg\Desktop\ood\Release\BaseClassInitDlg.obj
C:\Users\ktg\Desktop\ood\Release\BeginActivity.obj
C:\Users\ktg\Desktop\ood\Release\Box.obj
C:\Users\ktg\Desktop\ood\Release\Bucket.obj
C:\Users\ktg\Desktop\ood\Release\CActivityFrm.obj
C:\Users\ktg\Desktop\ood\Release\CActivityView.obj
C:\Users\ktg\Desktop\ood\Release\CaptureDlg.obj
C:\Users\ktg\Desktop\ood\Release\CChildFrm.obj
C:\Users\ktg\Desktop\ood\Release\CChooseDirDlg.obj
C:\Users\ktg\Desktop\ood\Release\CClassDeleteDlg.obj
C:\Users\ktg\Desktop\ood\Release\CClassFrm.obj
C:\Users\ktg\Desktop\ood\Release\CClassMigrationDlg.obj
C:\Users\ktg\Desktop\ood\Release\CClassView.obj
C:\Users\ktg\Desktop\ood\Release\CCollaborationFrm.obj
C:\Users\ktg\Desktop\ood\Release\CCollaborationView.obj
C:\Users\ktg\Desktop\ood\Release\CDeploymentFrm.obj
C:\Users\ktg\Desktop\ood\Release\CDeploymentView.obj
C:\Users\ktg\Desktop\ood\Release\CInPlaceFrame.obj
C:\Users\ktg\Desktop\ood\Release\Circle.obj
C:\Users\ktg\Desktop\ood\Release\CITList.obj
C:\Users\ktg\Desktop\ood\Release\ClassContent.obj
C:\Users\ktg\Desktop\ood\Release\ClassDocumentDlg.obj
C:\Users\ktg\Desktop\ood\Release\ClassFigureLibrary.obj
C:\Users\ktg\Desktop\ood\Release\ClassLibrary.obj
C:\Users\ktg\Desktop\ood\Release\ClassMainPopup.obj
C:\Users\ktg\Desktop\ood\Release\ClassMemberListView.obj
C:\Users\ktg\Desktop\ood\Release\ClassOthersOption.obj
C:\Users\ktg\Desktop\ood\Release\ClassPropDlg.obj
C:\Users\ktg\Desktop\ood\Release\ClassTemplate.obj
C:\Users\ktg\Desktop\ood\Release\ClassTemplatePopup.obj
C:\Users\ktg\Desktop\ood\Release\ClassText.obj
C:\Users\ktg\Desktop\ood\Release\ClassTextLine.obj
C:\Users\ktg\Desktop\ood\Release\ClassTreeView.obj
C:\Users\ktg\Desktop\ood\Release\CMainFrame.obj
C:\Users\ktg\Desktop\ood\Release\CNewDlg.obj
C:\Users\ktg\Desktop\ood\Release\CNewWSDlg.obj
C:\Users\ktg\Desktop\ood\Release\CObjectFrm.obj
C:\Users\ktg\Desktop\ood\Release\CObjectView.obj
C:\Users\ktg\Desktop\ood\Release\CodeGenerator.obj
C:\Users\ktg\Desktop\ood\Release\CollaborationMainPopup.obj
C:\Users\ktg\Desktop\ood\Release\CollaborationMultiObject.obj
C:\Users\ktg\Desktop\ood\Release\CollaborationObject.obj
C:\Users\ktg\Desktop\ood\Release\CollaborationObjectMessageText.obj
C:\Users\ktg\Desktop\ood\Release\CollaborationObjectPopup.obj
C:\Users\ktg\Desktop\ood\Release\CommentDlg.obj
C:\Users\ktg\Desktop\ood\Release\Communication.obj
C:\Users\ktg\Desktop\ood\Release\ComponentTemplate.obj
C:\Users\ktg\Desktop\ood\Release\ComponentText.obj
C:\Users\ktg\Desktop\ood\Release\Connection.obj
C:\Users\ktg\Desktop\ood\Release\ConnectionInfoTuple.obj
C:\Users\ktg\Desktop\ood\Release\ConnectionList.obj
C:\Users\ktg\Desktop\ood\Release\ConnectionPopup.obj
C:\Users\ktg\Desktop\ood\Release\ConnectionText.obj
C:\Users\ktg\Desktop\ood\Release\COODClassDoc.obj
C:\Users\ktg\Desktop\ood\Release\COODCntrlItem.obj
C:\Users\ktg\Desktop\ood\Release\COODCntrlItemList.obj
C:\Users\ktg\Desktop\ood\Release\COODCommonDoc.obj
C:\Users\ktg\Desktop\ood\Release\COODCommonFrm.obj
C:\Users\ktg\Desktop\ood\Release\COODCommonView.obj
C:\Users\ktg\Desktop\ood\Release\COODDoc.obj
C:\Users\ktg\Desktop\ood\Release\COODSrvrItem.obj
C:\Users\ktg\Desktop\ood\Release\COODView.obj
C:\Users\ktg\Desktop\ood\Release\CPPClassPropGeneral.obj
C:\Users\ktg\Desktop\ood\Release\CPPCodeGenerator.obj
C:\Users\ktg\Desktop\ood\Release\CPPCommonCodeGenerator.obj
C:\Users\ktg\Desktop\ood\Release\CPPMethodPropGeneral.obj
C:\Users\ktg\Desktop\ood\Release\CPPVarPropGeneral.obj
C:\Users\ktg\Desktop\ood\Release\CProjectOptionsCodeGen.obj
C:\Users\ktg\Desktop\ood\Release\CProjectOptionsDlg.obj
C:\Users\ktg\Desktop\ood\Release\CProjectOptionsGeneral.obj
C:\Users\ktg\Desktop\ood\Release\CProjectOptionsMacros.obj
C:\Users\ktg\Desktop\ood\Release\CProjectOptionsReverse.obj
C:\Users\ktg\Desktop\ood\Release\CResizableControlBar.obj
C:\Users\ktg\Desktop\ood\Release\CResizableDockBar.obj
C:\Users\ktg\Desktop\ood\Release\CResizableDockContext.obj
C:\Users\ktg\Desktop\ood\Release\CResizableDockState.obj
C:\Users\ktg\Desktop\ood\Release\CResizableEditDoc.obj
C:\Users\ktg\Desktop\ood\Release\CResizableEditView.obj
C:\Users\ktg\Desktop\ood\Release\CResizableEditViewBar.obj
C:\Users\ktg\Desktop\ood\Release\CResizableFloatWnd.obj
C:\Users\ktg\Desktop\ood\Release\CResizableMDIFrameWnd.obj
C:\Users\ktg\Desktop\ood\Release\CResizableMiniDockFrameWnd.obj
C:\Users\ktg\Desktop\ood\Release\CResizableRectTracker.obj
C:\Users\ktg\Desktop\ood\Release\CResizableTreeBar.obj
C:\Users\ktg\Desktop\ood\Release\CResizeEditViewBarDocTemp.obj
C:\Users\ktg\Desktop\ood\Release\CSelectDlg.obj
C:\Users\ktg\Desktop\ood\Release\CSequenceFrm.obj
C:\Users\ktg\Desktop\ood\Release\CSequenceView.obj
C:\Users\ktg\Desktop\ood\Release\CSharpClassPropGeneral.obj
C:\Users\ktg\Desktop\ood\Release\CSharpCodeGenerator.obj
C:\Users\ktg\Desktop\ood\Release\CSharpMethodPropGeneral.obj
C:\Users\ktg\Desktop\ood\Release\CSharpVarPropGeneral.obj
C:\Users\ktg\Desktop\ood\Release\CSplitterRect.obj
C:\Users\ktg\Desktop\ood\Release\CStateFrm.obj
C:\Users\ktg\Desktop\ood\Release\CStateView.obj
C:\Users\ktg\Desktop\ood\Release\CTextDoc.obj
C:\Users\ktg\Desktop\ood\Release\CTextFrm.obj
C:\Users\ktg\Desktop\ood\Release\CTextView.obj
C:\Users\ktg\Desktop\ood\Release\CUseCaseFrm.obj
C:\Users\ktg\Desktop\ood\Release\CUseCaseView.obj
C:\Users\ktg\Desktop\ood\Release\CustomToolBar.obj
C:\Users\ktg\Desktop\ood\Release\CWndSpaceElt.obj
C:\Users\ktg\Desktop\ood\Release\DataMembersOption.obj
C:\Users\ktg\Desktop\ood\Release\Dependency.obj
C:\Users\ktg\Desktop\ood\Release\DependencyPopup.obj
C:\Users\ktg\Desktop\ood\Release\DeploymentMainPopup.obj
C:\Users\ktg\Desktop\ood\Release\Diamond.obj
C:\Users\ktg\Desktop\ood\Release\EditableFigure.obj
C:\Users\ktg\Desktop\ood\Release\EditPopup.obj
C:\Users\ktg\Desktop\ood\Release\EndActivity.obj
C:\Users\ktg\Desktop\ood\Release\Etc.obj
C:\Users\ktg\Desktop\ood\Release\EventText.obj
C:\Users\ktg\Desktop\ood\Release\ExcludeRect.obj
C:\Users\ktg\Desktop\ood\Release\ExcludeRectList.obj
C:\Users\ktg\Desktop\ood\Release\Figure.obj
C:\Users\ktg\Desktop\ood\Release\FigureLibrary.obj
C:\Users\ktg\Desktop\ood\Release\FigureList.obj
C:\Users\ktg\Desktop\ood\Release\FinalState.obj
C:\Users\ktg\Desktop\ood\Release\FixedNamesTable.obj
C:\Users\ktg\Desktop\ood\Release\FontInfo.obj
C:\Users\ktg\Desktop\ood\Release\Generalization.obj
C:\Users\ktg\Desktop\ood\Release\GeneralizationPopup.obj
C:\Users\ktg\Desktop\ood\Release\HardwareNode.obj
C:\Users\ktg\Desktop\ood\Release\HWConnection.obj
C:\Users\ktg\Desktop\ood\Release\HWConnectionText.obj
C:\Users\ktg\Desktop\ood\Release\InitialState.obj
C:\Users\ktg\Desktop\ood\Release\InterfacePort.obj
C:\Users\ktg\Desktop\ood\Release\InterfacePortList.obj
C:\Users\ktg\Desktop\ood\Release\InterfacePortPopup.obj
C:\Users\ktg\Desktop\ood\Release\InterfacePortText.obj
C:\Users\ktg\Desktop\ood\Release\JavaClassPropGeneral.obj
C:\Users\ktg\Desktop\ood\Release\JavaCodeGenerator.obj
C:\Users\ktg\Desktop\ood\Release\JavaMethodPropGeneral.obj
C:\Users\ktg\Desktop\ood\Release\JavaVarPropGeneral.obj
C:\Users\ktg\Desktop\ood\Release\Line.obj
C:\Users\ktg\Desktop\ood\Release\LineList.obj
C:\Users\ktg\Desktop\ood\Release\LineNode.obj
C:\Users\ktg\Desktop\ood\Release\LineNodeList.obj
C:\Users\ktg\Desktop\ood\Release\LinePopup.obj
C:\Users\ktg\Desktop\ood\Release\Lines.obj
C:\Users\ktg\Desktop\ood\Release\List.obj
C:\Users\ktg\Desktop\ood\Release\ListNode.obj
C:\Users\ktg\Desktop\ood\Release\MemberFunctionsOption.obj
C:\Users\ktg\Desktop\ood\Release\MemberOptionDlg.obj
C:\Users\ktg\Desktop\ood\Release\MemberPropDlg.obj
C:\Users\ktg\Desktop\ood\Release\MessageFlow.obj
C:\Users\ktg\Desktop\ood\Release\MessageFlowPopup.obj
C:\Users\ktg\Desktop\ood\Release\MessageText.obj
C:\Users\ktg\Desktop\ood\Release\MessageTextPopup.obj
C:\Users\ktg\Desktop\ood\Release\MethodBodyDlg.obj
C:\Users\ktg\Desktop\ood\Release\NodeFigure.obj
C:\Users\ktg\Desktop\ood\Release\NodeFigureList.obj
C:\Users\ktg\Desktop\ood\Release\Note.obj
C:\Users\ktg\Desktop\ood\Release\NoteBoundary.obj
C:\Users\ktg\Desktop\ood\Release\NoteText.obj
C:\Users\ktg\Desktop\ood\Release\ObjectPositionDlg.obj
C:\Users\ktg\Desktop\ood\Release\ObjectText.obj
C:\Users\ktg\Desktop\ood\Release\OneLineText.obj
C:\Users\ktg\Desktop\ood\Release\OOD.obj
C:\Users\ktg\Desktop\ood\Release\PackageCommentDlg.obj
C:\Users\ktg\Desktop\ood\Release\PackageLibrary.obj
C:\Users\ktg\Desktop\ood\Release\PackagePopup.obj
C:\Users\ktg\Desktop\ood\Release\PackagePropDlg.obj
C:\Users\ktg\Desktop\ood\Release\PackagePropGeneral.obj
C:\Users\ktg\Desktop\ood\Release\PackageTemplate.obj
C:\Users\ktg\Desktop\ood\Release\PackageText.obj
C:\Users\ktg\Desktop\ood\Release\Popup.obj
C:\Users\ktg\Desktop\ood\Release\PropCommonDlg.obj
C:\Users\ktg\Desktop\ood\Release\QualificationText.obj
C:\Users\ktg\Desktop\ood\Release\QueryTextDlg.obj
C:\Users\ktg\Desktop\ood\Release\RelationshipInfoTuple.obj
C:\Users\ktg\Desktop\ood\Release\RelationshipInfoTupleList.obj
C:\Users\ktg\Desktop\ood\Release\RelationTraverseDlg.obj
C:\Users\ktg\Desktop\ood\Release\RelationTraverseFrame.obj
C:\Users\ktg\Desktop\ood\Release\ResizeGlobalData.obj
C:\Users\ktg\Desktop\ood\Release\RoundBoxA.obj
C:\Users\ktg\Desktop\ood\Release\RoundBoxB.obj
C:\Users\ktg\Desktop\ood\Release\ScreenCaptureDlg.obj
C:\Users\ktg\Desktop\ood\Release\SequenceAsyncMessage.obj
C:\Users\ktg\Desktop\ood\Release\SequenceLanePopup.obj
C:\Users\ktg\Desktop\ood\Release\SequenceMainPopup.obj
C:\Users\ktg\Desktop\ood\Release\SequenceMessageText.obj
C:\Users\ktg\Desktop\ood\Release\SequenceObject.obj
C:\Users\ktg\Desktop\ood\Release\SequenceObjectPopup.obj
C:\Users\ktg\Desktop\ood\Release\SequenceReturnMessage.obj
C:\Users\ktg\Desktop\ood\Release\SequenceSelfDelegation.obj
C:\Users\ktg\Desktop\ood\Release\SequenceSyncMessage.obj
C:\Users\ktg\Desktop\ood\Release\SimpleConnection.obj
C:\Users\ktg\Desktop\ood\Release\SlaveryText.obj
C:\Users\ktg\Desktop\ood\Release\SlaveryTextList.obj
C:\Users\ktg\Desktop\ood\Release\State.obj
C:\Users\ktg\Desktop\ood\Release\StateMainPopup.obj
C:\Users\ktg\Desktop\ood\Release\StatePopup.obj
C:\Users\ktg\Desktop\ood\Release\StateText.obj
C:\Users\ktg\Desktop\ood\Release\StaticConnectionText.obj
C:\Users\ktg\Desktop\ood\Release\StdAfx.obj
C:\Users\ktg\Desktop\ood\Release\SyncConditionText.obj
C:\Users\ktg\Desktop\ood\Release\SynchronizationBar.obj
C:\Users\ktg\Desktop\ood\Release\SynchronizationPopup.obj
C:\Users\ktg\Desktop\ood\Release\SystemBoundary.obj
C:\Users\ktg\Desktop\ood\Release\TabDlgWithName.obj
C:\Users\ktg\Desktop\ood\Release\TemplateClassTag.obj
C:\Users\ktg\Desktop\ood\Release\TemplateClassTagText.obj
C:\Users\ktg\Desktop\ood\Release\Text.obj
C:\Users\ktg\Desktop\ood\Release\TextContent.obj
C:\Users\ktg\Desktop\ood\Release\TextLine.obj
C:\Users\ktg\Desktop\ood\Release\TipBoard.obj
C:\Users\ktg\Desktop\ood\Release\TipDialog.obj
C:\Users\ktg\Desktop\ood\Release\Transition.obj
C:\Users\ktg\Desktop\ood\Release\Triangle.obj
C:\Users\ktg\Desktop\ood\Release\Trigger.obj
C:\Users\ktg\Desktop\ood\Release\TriggerText.obj
C:\Users\ktg\Desktop\ood\Release\TupleText.obj
C:\Users\ktg\Desktop\ood\Release\TwoPointFigure.obj
C:\Users\ktg\Desktop\ood\Release\UnsignedLong.obj
C:\Users\ktg\Desktop\ood\Release\UseCase.obj
C:\Users\ktg\Desktop\ood\Release\UseCaseExtendsLink.obj
C:\Users\ktg\Desktop\ood\Release\UseCaseLink.obj
C:\Users\ktg\Desktop\ood\Release\UseCaseMainPopup.obj
C:\Users\ktg\Desktop\ood\Release\UseCaseText.obj
C:\Users\ktg\Desktop\ood\Release\UseCaseUsesLink.obj
C:\Users\ktg\Desktop\ood\Release\VCPPClassPropGeneral.obj
C:\Users\ktg\Desktop\ood\Release\VCPPClassPropMaps.obj
C:\Users\ktg\Desktop\ood\Release\VCPPCodeGenerator.obj
C:\Users\ktg\Desktop\ood\Release\VCPPMapEditor.obj
C:\Users\ktg\Desktop\ood\Release\VCPPMethodPropGeneral.obj
C:\Users\ktg\Desktop\ood\Release\VCPPVarPropGeneral.obj
C:\Users\ktg\Desktop\ood\Release\VTerm.obj
C:\Users\ktg\Desktop\ood\Release\WidePackage.obj
C:\Users\ktg\Desktop\ood\Release\WideState.obj
C:\Users\ktg\Desktop\ood\Release\WideStateDlg.obj
C:\Users\ktg\Desktop\ood\Release\XCoord.obj
C:\Users\ktg\Desktop\ood\Release\YCoord.obj
C:\Users\ktg\Desktop\ood\Release\ZoomComboBox.obj
C:\Users\ktg\Desktop\ood\Release\cl.command.1.tlog
C:\Users\ktg\Desktop\ood\Release\CL.read.1.tlog
C:\Users\ktg\Desktop\ood\Release\CL.write.1.tlog
C:\Users\ktg\Desktop\ood\Release\link-cvtres.read.1.tlog
C:\Users\ktg\Desktop\ood\Release\link-cvtres.write.1.tlog
C:\Users\ktg\Desktop\ood\Release\link-mt.read.1.tlog
C:\Users\ktg\Desktop\ood\Release\link-mt.write.1.tlog
C:\Users\ktg\Desktop\ood\Release\link-rc.read.1.tlog
C:\Users\ktg\Desktop\ood\Release\link-rc.write.1.tlog
C:\Users\ktg\Desktop\ood\Release\link.command.1.tlog
C:\Users\ktg\Desktop\ood\Release\link.read.1.tlog
C:\Users\ktg\Desktop\ood\Release\link.write.1.tlog
C:\Users\ktg\Desktop\ood\Release\rc.command.1.tlog
C:\Users\ktg\Desktop\ood\Release\rc.read.1.tlog
C:\Users\ktg\Desktop\ood\Release\rc.write.1.tlog
C:\Users\ktg\Desktop\ood\Release\OOD.res
C:\Users\ktg\Desktop\ood\Release\OOD.pch
C:\Users\ktg\Desktop\ood\Release\vc110.pdb
C:\Users\ktg\Desktop\ood\.\Release\OOD.exe
